Started GET "/" for ::1 at 2019-10-09 17:42:02 +0530
  
ActiveRecord::NoDatabaseError (FATAL:  role "er" does not exist
):
  
activerecord (5.2.3) lib/active_record/connection_adapters/postgresql_adapter.rb:696:in `rescue in connect'
activerecord (5.2.3) lib/active_record/connection_adapters/postgresql_adapter.rb:691:in `connect'
activerecord (5.2.3) lib/active_record/connection_adapters/postgresql_adapter.rb:223:in `initialize'
activerecord (5.2.3) lib/active_record/connection_adapters/postgresql_adapter.rb:48:in `new'
activerecord (5.2.3) lib/active_record/connection_adapters/postgresql_adapter.rb:48:in `postgresql_connection'
activerecord (5.2.3) lib/active_record/connection_adapters/abstract/connection_pool.rb:811:in `new_connection'
activerecord (5.2.3) lib/active_record/connection_adapters/abstract/connection_pool.rb:855:in `checkout_new_connection'
activerecord (5.2.3) lib/active_record/connection_adapters/abstract/connection_pool.rb:834:in `try_to_checkout_new_connection'
activerecord (5.2.3) lib/active_record/connection_adapters/abstract/connection_pool.rb:795:in `acquire_connection'
activerecord (5.2.3) lib/active_record/connection_adapters/abstract/connection_pool.rb:523:in `checkout'
activerecord (5.2.3) lib/active_record/connection_adapters/abstract/connection_pool.rb:382:in `connection'
activerecord (5.2.3) lib/active_record/connection_adapters/abstract/connection_pool.rb:1014:in `retrieve_connection'
activerecord (5.2.3) lib/active_record/connection_handling.rb:118:in `retrieve_connection'
activerecord (5.2.3) lib/active_record/connection_handling.rb:90:in `connection'
activerecord (5.2.3) lib/active_record/migration.rb:554:in `call'
actionpack (5.2.3) lib/action_dispatch/middleware/callbacks.rb:28:in `block in call'
activesupport (5.2.3) lib/active_support/callbacks.rb:98:in `run_callbacks'
actionpack (5.2.3) lib/action_dispatch/middleware/callbacks.rb:26:in `call'
actionpack (5.2.3) lib/action_dispatch/middleware/executor.rb:14:in `call'
actionpack (5.2.3) lib/action_dispatch/middleware/debug_exceptions.rb:61:in `call'
web-console (3.7.0) lib/web_console/middleware.rb:135:in `call_app'
web-console (3.7.0) lib/web_console/middleware.rb:30:in `block in call'
web-console (3.7.0) lib/web_console/middleware.rb:20:in `catch'
web-console (3.7.0) lib/web_console/middleware.rb:20:in `call'
actionpack (5.2.3) lib/action_dispatch/middleware/show_exceptions.rb:33:in `call'
railties (5.2.3) lib/rails/rack/logger.rb:38:in `call_app'
railties (5.2.3) lib/rails/rack/logger.rb:26:in `block in call'
activesupport (5.2.3) lib/active_support/tagged_logging.rb:71:in `block in tagged'
activesupport (5.2.3) lib/active_support/tagged_logging.rb:28:in `tagged'
activesupport (5.2.3) lib/active_support/tagged_logging.rb:71:in `tagged'
railties (5.2.3) lib/rails/rack/logger.rb:26:in `call'
sprockets-rails (3.2.1) lib/sprockets/rails/quiet_assets.rb:13:in `call'
actionpack (5.2.3) lib/action_dispatch/middleware/remote_ip.rb:81:in `call'
actionpack (5.2.3) lib/action_dispatch/middleware/request_id.rb:27:in `call'
rack (2.0.7) lib/rack/method_override.rb:22:in `call'
rack (2.0.7) lib/rack/runtime.rb:22:in `call'
activesupport (5.2.3) lib/active_support/cache/strategy/local_cache_middleware.rb:29:in `call'
actionpack (5.2.3) lib/action_dispatch/middleware/executor.rb:14:in `call'
actionpack (5.2.3) lib/action_dispatch/middleware/static.rb:127:in `call'
rack (2.0.7) lib/rack/sendfile.rb:111:in `call'
railties (5.2.3) lib/rails/engine.rb:524:in `call'
puma (3.12.1) lib/puma/configuration.rb:227:in `call'
puma (3.12.1) lib/puma/server.rb:660:in `handle_request'
puma (3.12.1) lib/puma/server.rb:474:in `process_client'
puma (3.12.1) lib/puma/server.rb:334:in `block in run'
puma (3.12.1) lib/puma/thread_pool.rb:135:in `block in spawn_thread'
  [1m[35m (453.3ms)[0m  [1m[35mCREATE DATABASE "zipper_test" ENCODING = 'unicode' TEMPLATE = "template0"[0m
  ↳ bin/rails:4
  [1m[35m (0.3ms)[0m  [1m[35mCREATE DATABASE "zipper_test" ENCODING = 'unicode' TEMPLATE = "template0"[0m
  ↳ bin/rails:4
Started GET "/" for ::1 at 2019-10-09 17:48:32 +0530
Processing by Rails::WelcomeController#index as HTML
  Rendering /home/er/.rvm/gems/ruby-2.6.3/gems/railties-5.2.3/lib/rails/templates/rails/welcome/index.html.erb
  Rendered /home/er/.rvm/gems/ruby-2.6.3/gems/railties-5.2.3/lib/rails/templates/rails/welcome/index.html.erb (1.3ms)
Completed 200 OK in 13ms (Views: 9.6ms | ActiveRecord: 0.0ms)


  [1m[35m (33.3ms)[0m  [1m[35mCREATE TABLE "schema_migrations" ("version" character varying NOT NULL PRIMARY KEY)[0m
  ↳ /home/er/.rvm/gems/ruby-2.6.3/bin/rake:23
  [1m[35m (5.4ms)[0m  [1m[35mCREATE TABLE "ar_internal_metadata" ("key" character varying NOT NULL PRIMARY KEY, "value" character varying, "created_at" timestamp NOT NULL, "updated_at" timestamp NOT NULL)[0m
  ↳ /home/er/.rvm/gems/ruby-2.6.3/bin/rake:23
  [1m[35m (1.1ms)[0m  [1m[34mSELECT pg_try_advisory_lock(7513624833378494670)[0m
  ↳ /home/er/.rvm/gems/ruby-2.6.3/bin/rake:23
  [1m[35m (1.2ms)[0m  [1m[34mSELECT "schema_migrations"."version" FROM "schema_migrations" ORDER BY "schema_migrations"."version" ASC[0m
  ↳ /home/er/.rvm/gems/ruby-2.6.3/bin/rake:23
Migrating to CreateContents (20191009122554)
  [1m[35m (0.5ms)[0m  [1m[35mBEGIN[0m
  ↳ /home/er/.rvm/gems/ruby-2.6.3/bin/rake:23
  [1m[35m (7.5ms)[0m  [1m[35mCREATE TABLE "contents" ("id" bigserial primary key, "name" character varying, "out_name" character varying, "created_at" timestamp NOT NULL, "updated_at" timestamp NOT NULL)[0m
  ↳ db/migrate/20191009122554_create_contents.rb:3
  [1m[36mActiveRecord::SchemaMigration Create (1.1ms)[0m  [1m[32mINSERT INTO "schema_migrations" ("version") VALUES ('20191009122554') RETURNING "version"[0m
  ↳ /home/er/.rvm/gems/ruby-2.6.3/bin/rake:23
  [1m[35m (1.0ms)[0m  [1m[35mCOMMIT[0m
  ↳ /home/er/.rvm/gems/ruby-2.6.3/bin/rake:23
  [1m[36mActiveRecord::InternalMetadata Load (1.3ms)[0m  [1m[34mSELECT  "ar_internal_metadata".* FROM "ar_internal_metadata" WHERE "ar_internal_metadata"."key" = 'environment' LIMIT 1[0m
  ↳ /home/er/.rvm/gems/ruby-2.6.3/bin/rake:23
  [1m[35m (0.3ms)[0m  [1m[35mBEGIN[0m
  ↳ /home/er/.rvm/gems/ruby-2.6.3/bin/rake:23
  [1m[36mActiveRecord::InternalMetadata Create (0.6ms)[0m  [1m[32mINSERT INTO "ar_internal_metadata" ("key", "value", "created_at", "updated_at") VALUES ('environment', 'development', '2019-10-09 12:26:31.940498', '2019-10-09 12:26:31.940498') RETURNING "key"[0m
  ↳ /home/er/.rvm/gems/ruby-2.6.3/bin/rake:23
  [1m[35m (0.7ms)[0m  [1m[35mCOMMIT[0m
  ↳ /home/er/.rvm/gems/ruby-2.6.3/bin/rake:23
  [1m[35m (0.3ms)[0m  [1m[34mSELECT pg_advisory_unlock(7513624833378494670)[0m
  ↳ /home/er/.rvm/gems/ruby-2.6.3/bin/rake:23
  [1m[35m (0.3ms)[0m  [1m[34mSELECT "schema_migrations"."version" FROM "schema_migrations" ORDER BY "schema_migrations"."version" ASC[0m
  ↳ /home/er/.rvm/gems/ruby-2.6.3/bin/rake:23
Started GET "/" for ::1 at 2019-10-09 18:03:53 +0530
  [1m[35m (0.3ms)[0m  [1m[34mSELECT "schema_migrations"."version" FROM "schema_migrations" ORDER BY "schema_migrations"."version" ASC[0m
  ↳ /home/er/.rvm/gems/ruby-2.6.3/gems/activerecord-5.2.3/lib/active_record/log_subscriber.rb:98
Processing by Rails::WelcomeController#index as HTML
  Rendering /home/er/.rvm/gems/ruby-2.6.3/gems/railties-5.2.3/lib/rails/templates/rails/welcome/index.html.erb
  Rendered /home/er/.rvm/gems/ruby-2.6.3/gems/railties-5.2.3/lib/rails/templates/rails/welcome/index.html.erb (1.1ms)
Completed 200 OK in 2ms (Views: 1.5ms | ActiveRecord: 0.0ms)


Started GET "/" for ::1 at 2019-10-09 18:03:58 +0530
Processing by Rails::WelcomeController#index as HTML
  Rendering /home/er/.rvm/gems/ruby-2.6.3/gems/railties-5.2.3/lib/rails/templates/rails/welcome/index.html.erb
  Rendered /home/er/.rvm/gems/ruby-2.6.3/gems/railties-5.2.3/lib/rails/templates/rails/welcome/index.html.erb (1.2ms)
Completed 200 OK in 2ms (Views: 1.8ms | ActiveRecord: 0.0ms)


Started GET "/" for ::1 at 2019-10-09 18:04:44 +0530
Processing by ContentsController#index as HTML
  Rendering contents/index.html.erb within layouts/application
  [1m[36mContent Load (0.4ms)[0m  [1m[34mSELECT "contents".* FROM "contents"[0m
  ↳ app/views/contents/index.html.erb:1
  Rendered contents/index.html.erb within layouts/application (1.9ms)
Completed 200 OK in 240ms (Views: 237.6ms | ActiveRecord: 1.1ms)


Started GET "/" for ::1 at 2019-10-09 18:05:52 +0530
Processing by ContentsController#index as HTML
  Rendering contents/index.html.erb within layouts/application
  [1m[36mContent Load (0.4ms)[0m  [1m[34mSELECT "contents".* FROM "contents"[0m
  ↳ app/views/contents/index.html.erb:1
  Rendered contents/index.html.erb within layouts/application (1.3ms)
Completed 200 OK in 24ms (Views: 22.5ms | ActiveRecord: 0.4ms)


Started GET "/contents/new" for ::1 at 2019-10-09 18:05:55 +0530
Processing by ContentsController#new as HTML
Completed 406 Not Acceptable in 8ms (ActiveRecord: 0.0ms)


  
ActionController::UnknownFormat (ContentsController#new is missing a template for this request format and variant.

request.formats: ["text/html"]
request.variant: []

NOTE! For XHR/Ajax or API requests, this action would normally respond with 204 No Content: an empty white screen. Since you're loading it in a web browser, we assume that you expected to actually render a template, not nothing, so we're showing an error to be extra-clear. If you expect 204 No Content, carry on. That's what you'll get from an XHR or API request. Give it a shot.):
  
actionpack (5.2.3) lib/action_controller/metal/implicit_render.rb:55:in `default_render'
actionpack (5.2.3) lib/action_controller/metal/basic_implicit_render.rb:6:in `block in send_action'
actionpack (5.2.3) lib/action_controller/metal/basic_implicit_render.rb:6:in `tap'
actionpack (5.2.3) lib/action_controller/metal/basic_implicit_render.rb:6:in `send_action'
actionpack (5.2.3) lib/abstract_controller/base.rb:194:in `process_action'
actionpack (5.2.3) lib/action_controller/metal/rendering.rb:30:in `process_action'
actionpack (5.2.3) lib/abstract_controller/callbacks.rb:42:in `block in process_action'
activesupport (5.2.3) lib/active_support/callbacks.rb:132:in `run_callbacks'
actionpack (5.2.3) lib/abstract_controller/callbacks.rb:41:in `process_action'
actionpack (5.2.3) lib/action_controller/metal/rescue.rb:22:in `process_action'
actionpack (5.2.3) lib/action_controller/metal/instrumentation.rb:34:in `block in process_action'
activesupport (5.2.3) lib/active_support/notifications.rb:168:in `block in instrument'
activesupport (5.2.3) lib/active_support/notifications/instrumenter.rb:23:in `instrument'
activesupport (5.2.3) lib/active_support/notifications.rb:168:in `instrument'
actionpack (5.2.3) lib/action_controller/metal/instrumentation.rb:32:in `process_action'
actionpack (5.2.3) lib/action_controller/metal/params_wrapper.rb:256:in `process_action'
activerecord (5.2.3) lib/active_record/railties/controller_runtime.rb:24:in `process_action'
actionpack (5.2.3) lib/abstract_controller/base.rb:134:in `process'
actionview (5.2.3) lib/action_view/rendering.rb:32:in `process'
actionpack (5.2.3) lib/action_controller/metal.rb:191:in `dispatch'
actionpack (5.2.3) lib/action_controller/metal.rb:252:in `dispatch'
actionpack (5.2.3) lib/action_dispatch/routing/route_set.rb:52:in `dispatch'
actionpack (5.2.3) lib/action_dispatch/routing/route_set.rb:34:in `serve'
actionpack (5.2.3) lib/action_dispatch/journey/router.rb:52:in `block in serve'
actionpack (5.2.3) lib/action_dispatch/journey/router.rb:35:in `each'
actionpack (5.2.3) lib/action_dispatch/journey/router.rb:35:in `serve'
actionpack (5.2.3) lib/action_dispatch/routing/route_set.rb:840:in `call'
rack (2.0.7) lib/rack/tempfile_reaper.rb:15:in `call'
rack (2.0.7) lib/rack/etag.rb:25:in `call'
rack (2.0.7) lib/rack/conditional_get.rb:25:in `call'
rack (2.0.7) lib/rack/head.rb:12:in `call'
actionpack (5.2.3) lib/action_dispatch/http/content_security_policy.rb:18:in `call'
rack (2.0.7) lib/rack/session/abstract/id.rb:232:in `context'
rack (2.0.7) lib/rack/session/abstract/id.rb:226:in `call'
actionpack (5.2.3) lib/action_dispatch/middleware/cookies.rb:670:in `call'
activerecord (5.2.3) lib/active_record/migration.rb:559:in `call'
actionpack (5.2.3) lib/action_dispatch/middleware/callbacks.rb:28:in `block in call'
activesupport (5.2.3) lib/active_support/callbacks.rb:98:in `run_callbacks'
actionpack (5.2.3) lib/action_dispatch/middleware/callbacks.rb:26:in `call'
actionpack (5.2.3) lib/action_dispatch/middleware/executor.rb:14:in `call'
actionpack (5.2.3) lib/action_dispatch/middleware/debug_exceptions.rb:61:in `call'
web-console (3.7.0) lib/web_console/middleware.rb:135:in `call_app'
web-console (3.7.0) lib/web_console/middleware.rb:30:in `block in call'
web-console (3.7.0) lib/web_console/middleware.rb:20:in `catch'
web-console (3.7.0) lib/web_console/middleware.rb:20:in `call'
actionpack (5.2.3) lib/action_dispatch/middleware/show_exceptions.rb:33:in `call'
railties (5.2.3) lib/rails/rack/logger.rb:38:in `call_app'
railties (5.2.3) lib/rails/rack/logger.rb:26:in `block in call'
activesupport (5.2.3) lib/active_support/tagged_logging.rb:71:in `block in tagged'
activesupport (5.2.3) lib/active_support/tagged_logging.rb:28:in `tagged'
activesupport (5.2.3) lib/active_support/tagged_logging.rb:71:in `tagged'
railties (5.2.3) lib/rails/rack/logger.rb:26:in `call'
sprockets-rails (3.2.1) lib/sprockets/rails/quiet_assets.rb:13:in `call'
actionpack (5.2.3) lib/action_dispatch/middleware/remote_ip.rb:81:in `call'
actionpack (5.2.3) lib/action_dispatch/middleware/request_id.rb:27:in `call'
rack (2.0.7) lib/rack/method_override.rb:22:in `call'
rack (2.0.7) lib/rack/runtime.rb:22:in `call'
activesupport (5.2.3) lib/active_support/cache/strategy/local_cache_middleware.rb:29:in `call'
actionpack (5.2.3) lib/action_dispatch/middleware/executor.rb:14:in `call'
actionpack (5.2.3) lib/action_dispatch/middleware/static.rb:127:in `call'
rack (2.0.7) lib/rack/sendfile.rb:111:in `call'
railties (5.2.3) lib/rails/engine.rb:524:in `call'
puma (3.12.1) lib/puma/configuration.rb:227:in `call'
puma (3.12.1) lib/puma/server.rb:660:in `handle_request'
puma (3.12.1) lib/puma/server.rb:474:in `process_client'
puma (3.12.1) lib/puma/server.rb:334:in `block in run'
puma (3.12.1) lib/puma/thread_pool.rb:135:in `block in spawn_thread'
Started GET "/" for ::1 at 2019-10-09 18:05:57 +0530
Processing by ContentsController#index as HTML
  Rendering contents/index.html.erb within layouts/application
  [1m[36mContent Load (0.2ms)[0m  [1m[34mSELECT "contents".* FROM "contents"[0m
  ↳ app/views/contents/index.html.erb:1
  Rendered contents/index.html.erb within layouts/application (1.1ms)
Completed 200 OK in 15ms (Views: 14.2ms | ActiveRecord: 0.2ms)


Started GET "/rails/info/routes" for ::1 at 2019-10-09 18:07:24 +0530
Processing by Rails::InfoController#routes as HTML
  Rendering /home/er/.rvm/gems/ruby-2.6.3/gems/railties-5.2.3/lib/rails/templates/rails/info/routes.html.erb within layouts/application
  Rendered collection of /home/er/.rvm/gems/ruby-2.6.3/gems/actionpack-5.2.3/lib/action_dispatch/middleware/templates/routes/_route.html.erb [10 times] (3.2ms)
  Rendered /home/er/.rvm/gems/ruby-2.6.3/gems/actionpack-5.2.3/lib/action_dispatch/middleware/templates/routes/_table.html.erb (4.9ms)
  Rendered /home/er/.rvm/gems/ruby-2.6.3/gems/railties-5.2.3/lib/rails/templates/rails/info/routes.html.erb within layouts/application (10.2ms)
Completed 200 OK in 13ms (Views: 12.3ms | ActiveRecord: 0.0ms)


Started GET "/contents/new" for ::1 at 2019-10-09 18:08:31 +0530
Processing by ContentsController#new as HTML
Completed 406 Not Acceptable in 21ms (ActiveRecord: 0.0ms)


  
ActionController::UnknownFormat (ContentsController#new is missing a template for this request format and variant.

request.formats: ["text/html"]
request.variant: []

NOTE! For XHR/Ajax or API requests, this action would normally respond with 204 No Content: an empty white screen. Since you're loading it in a web browser, we assume that you expected to actually render a template, not nothing, so we're showing an error to be extra-clear. If you expect 204 No Content, carry on. That's what you'll get from an XHR or API request. Give it a shot.):
  
actionpack (5.2.3) lib/action_controller/metal/implicit_render.rb:55:in `default_render'
actionpack (5.2.3) lib/action_controller/metal/basic_implicit_render.rb:6:in `block in send_action'
actionpack (5.2.3) lib/action_controller/metal/basic_implicit_render.rb:6:in `tap'
actionpack (5.2.3) lib/action_controller/metal/basic_implicit_render.rb:6:in `send_action'
actionpack (5.2.3) lib/abstract_controller/base.rb:194:in `process_action'
actionpack (5.2.3) lib/action_controller/metal/rendering.rb:30:in `process_action'
actionpack (5.2.3) lib/abstract_controller/callbacks.rb:42:in `block in process_action'
activesupport (5.2.3) lib/active_support/callbacks.rb:132:in `run_callbacks'
actionpack (5.2.3) lib/abstract_controller/callbacks.rb:41:in `process_action'
actionpack (5.2.3) lib/action_controller/metal/rescue.rb:22:in `process_action'
actionpack (5.2.3) lib/action_controller/metal/instrumentation.rb:34:in `block in process_action'
activesupport (5.2.3) lib/active_support/notifications.rb:168:in `block in instrument'
activesupport (5.2.3) lib/active_support/notifications/instrumenter.rb:23:in `instrument'
activesupport (5.2.3) lib/active_support/notifications.rb:168:in `instrument'
actionpack (5.2.3) lib/action_controller/metal/instrumentation.rb:32:in `process_action'
actionpack (5.2.3) lib/action_controller/metal/params_wrapper.rb:256:in `process_action'
activerecord (5.2.3) lib/active_record/railties/controller_runtime.rb:24:in `process_action'
actionpack (5.2.3) lib/abstract_controller/base.rb:134:in `process'
actionview (5.2.3) lib/action_view/rendering.rb:32:in `process'
actionpack (5.2.3) lib/action_controller/metal.rb:191:in `dispatch'
actionpack (5.2.3) lib/action_controller/metal.rb:252:in `dispatch'
actionpack (5.2.3) lib/action_dispatch/routing/route_set.rb:52:in `dispatch'
actionpack (5.2.3) lib/action_dispatch/routing/route_set.rb:34:in `serve'
actionpack (5.2.3) lib/action_dispatch/journey/router.rb:52:in `block in serve'
actionpack (5.2.3) lib/action_dispatch/journey/router.rb:35:in `each'
actionpack (5.2.3) lib/action_dispatch/journey/router.rb:35:in `serve'
actionpack (5.2.3) lib/action_dispatch/routing/route_set.rb:840:in `call'
rack (2.0.7) lib/rack/tempfile_reaper.rb:15:in `call'
rack (2.0.7) lib/rack/etag.rb:25:in `call'
rack (2.0.7) lib/rack/conditional_get.rb:25:in `call'
rack (2.0.7) lib/rack/head.rb:12:in `call'
actionpack (5.2.3) lib/action_dispatch/http/content_security_policy.rb:18:in `call'
rack (2.0.7) lib/rack/session/abstract/id.rb:232:in `context'
rack (2.0.7) lib/rack/session/abstract/id.rb:226:in `call'
actionpack (5.2.3) lib/action_dispatch/middleware/cookies.rb:670:in `call'
activerecord (5.2.3) lib/active_record/migration.rb:559:in `call'
actionpack (5.2.3) lib/action_dispatch/middleware/callbacks.rb:28:in `block in call'
activesupport (5.2.3) lib/active_support/callbacks.rb:98:in `run_callbacks'
actionpack (5.2.3) lib/action_dispatch/middleware/callbacks.rb:26:in `call'
actionpack (5.2.3) lib/action_dispatch/middleware/executor.rb:14:in `call'
actionpack (5.2.3) lib/action_dispatch/middleware/debug_exceptions.rb:61:in `call'
web-console (3.7.0) lib/web_console/middleware.rb:135:in `call_app'
web-console (3.7.0) lib/web_console/middleware.rb:30:in `block in call'
web-console (3.7.0) lib/web_console/middleware.rb:20:in `catch'
web-console (3.7.0) lib/web_console/middleware.rb:20:in `call'
actionpack (5.2.3) lib/action_dispatch/middleware/show_exceptions.rb:33:in `call'
railties (5.2.3) lib/rails/rack/logger.rb:38:in `call_app'
railties (5.2.3) lib/rails/rack/logger.rb:26:in `block in call'
activesupport (5.2.3) lib/active_support/tagged_logging.rb:71:in `block in tagged'
activesupport (5.2.3) lib/active_support/tagged_logging.rb:28:in `tagged'
activesupport (5.2.3) lib/active_support/tagged_logging.rb:71:in `tagged'
railties (5.2.3) lib/rails/rack/logger.rb:26:in `call'
sprockets-rails (3.2.1) lib/sprockets/rails/quiet_assets.rb:13:in `call'
actionpack (5.2.3) lib/action_dispatch/middleware/remote_ip.rb:81:in `call'
actionpack (5.2.3) lib/action_dispatch/middleware/request_id.rb:27:in `call'
rack (2.0.7) lib/rack/method_override.rb:22:in `call'
rack (2.0.7) lib/rack/runtime.rb:22:in `call'
activesupport (5.2.3) lib/active_support/cache/strategy/local_cache_middleware.rb:29:in `call'
actionpack (5.2.3) lib/action_dispatch/middleware/executor.rb:14:in `call'
actionpack (5.2.3) lib/action_dispatch/middleware/static.rb:127:in `call'
rack (2.0.7) lib/rack/sendfile.rb:111:in `call'
railties (5.2.3) lib/rails/engine.rb:524:in `call'
puma (3.12.1) lib/puma/configuration.rb:227:in `call'
puma (3.12.1) lib/puma/server.rb:660:in `handle_request'
puma (3.12.1) lib/puma/server.rb:474:in `process_client'
puma (3.12.1) lib/puma/server.rb:334:in `block in run'
puma (3.12.1) lib/puma/thread_pool.rb:135:in `block in spawn_thread'
Started GET "/" for ::1 at 2019-10-09 18:08:34 +0530
Processing by ContentsController#index as HTML
  Rendering contents/index.html.erb within layouts/application
  [1m[36mContent Load (0.7ms)[0m  [1m[34mSELECT "contents".* FROM "contents"[0m
  ↳ app/views/contents/index.html.erb:1
  Rendered contents/index.html.erb within layouts/application (2.8ms)
Completed 200 OK in 25ms (Views: 22.1ms | ActiveRecord: 0.7ms)


Started GET "/" for ::1 at 2019-10-09 18:09:10 +0530
Processing by ContentsController#index as HTML
  Rendering contents/index.html.erb within layouts/application
  [1m[36mContent Load (0.3ms)[0m  [1m[34mSELECT "contents".* FROM "contents"[0m
  ↳ app/views/contents/index.html.erb:1
  Rendered contents/index.html.erb within layouts/application (1.1ms)
Completed 200 OK in 8ms (Views: 7.2ms | ActiveRecord: 0.3ms)


Started GET "/contents/new" for ::1 at 2019-10-09 18:09:12 +0530
Processing by ContentsController#new as HTML
  Rendering contents/new.html.erb within layouts/application
  Rendered contents/new.html.erb within layouts/application (0.6ms)
Completed 200 OK in 40ms (Views: 37.9ms | ActiveRecord: 0.0ms)


Started GET "/" for ::1 at 2019-10-09 18:28:54 +0530
Processing by ContentsController#index as HTML
  Rendering contents/index.html.erb within layouts/application
  [1m[36mContent Load (0.4ms)[0m  [1m[34mSELECT "contents".* FROM "contents"[0m
  ↳ app/views/contents/index.html.erb:1
  Rendered contents/index.html.erb within layouts/application (4.0ms)
Completed 200 OK in 12ms (Views: 8.4ms | ActiveRecord: 2.5ms)


Started GET "/contents/new" for ::1 at 2019-10-09 18:28:57 +0530
Processing by ContentsController#new as HTML
  Rendering contents/new.html.erb within layouts/application
  Rendered contents/new.html.erb within layouts/application (92.7ms)
Completed 500 Internal Server Error in 97ms (ActiveRecord: 0.0ms)


  
ActionView::Template::Error (undefined method `file_upload' for #<#<Class:0x00007ff85123f130>:0x00007ff851be0fb8>
Did you mean?  file_field):
     7: 
     8: <%= form_tag contents_path, method: :post, multipart: true do %>
     9:   <%= label_tag 'Content', 'Select Files' %>
    10:   <%= file_upload 'name' %>
    11: 
    12:   <%= submit_tag 'Add!' %>
    13: <% end %>
  
app/views/contents/new.html.erb:10:in `block in _app_views_contents_new_html_erb__1485964146339007108_70352250014720'
app/views/contents/new.html.erb:8:in `_app_views_contents_new_html_erb__1485964146339007108_70352250014720'
Started GET "/contents/new" for ::1 at 2019-10-09 18:29:14 +0530
Processing by ContentsController#new as HTML
  Rendering contents/new.html.erb within layouts/application
  Rendered contents/new.html.erb within layouts/application (1.0ms)
Completed 500 Internal Server Error in 3ms (ActiveRecord: 0.0ms)


  
ActionView::Template::Error (wrong number of arguments (given 1, expected 2..3)):
     7: 
     8: <%= form_tag contents_path, method: :post, multipart: true do %>
     9:   <%= label_tag 'Content', 'Select Files' %>
    10:   <%= file_field 'name' %>
    11: 
    12:   <%= submit_tag 'Add!' %>
    13: <% end %>
  
app/views/contents/new.html.erb:10:in `block in _app_views_contents_new_html_erb__1485964146339007108_70352240718800'
app/views/contents/new.html.erb:8:in `_app_views_contents_new_html_erb__1485964146339007108_70352240718800'
Started GET "/contents/new" for ::1 at 2019-10-09 18:30:00 +0530
Processing by ContentsController#new as HTML
  Rendering contents/new.html.erb within layouts/application
  Rendered contents/new.html.erb within layouts/application (0.7ms)
Completed 200 OK in 11ms (Views: 9.2ms | ActiveRecord: 0.0ms)


Started GET "/contents/new" for ::1 at 2019-10-09 18:30:25 +0530
Processing by ContentsController#new as HTML
  Rendering contents/new.html.erb within layouts/application
  Rendered contents/new.html.erb within layouts/application (0.7ms)
Completed 200 OK in 8ms (Views: 7.3ms | ActiveRecord: 0.0ms)


Started POST "/contents" for ::1 at 2019-10-09 18:30:44 +0530
Processing by ContentsController#create as HTML
  Parameters: {"utf8"=>"✓", "authenticity_token"=>"jiXk8PNVZ5tXd8z7pdFOXOen/lAm3aAMNA5xLvkr7CX6mWvIsdfYNGcqNNTgvxpGkARRvUUaoiGUDHH3u2Sgyw==", "name"=>#<ActionDispatch::Http::UploadedFile:0x00007ff8541016d0 @tempfile=#<Tempfile:/tmp/RackMultipart20191009-8386-7w0rbk.jpg>, @original_filename="PeterDalton.jpg", @content_type="image/jpeg", @headers="Content-Disposition: form-data; name=\"name\"; filename=\"PeterDalton.jpg\"\r\nContent-Type: image/jpeg\r\n">, "commit"=>"Add!"}
  Rendering contents/create.html.erb within layouts/application
  Rendered contents/create.html.erb within layouts/application (0.2ms)
Completed 200 OK in 14ms (Views: 13.3ms | ActiveRecord: 0.0ms)


Started POST "/contents" for ::1 at 2019-10-09 18:31:19 +0530
Processing by ContentsController#create as HTML
  Parameters: {"utf8"=>"✓", "authenticity_token"=>"jiXk8PNVZ5tXd8z7pdFOXOen/lAm3aAMNA5xLvkr7CX6mWvIsdfYNGcqNNTgvxpGkARRvUUaoiGUDHH3u2Sgyw==", "name"=>#<ActionDispatch::Http::UploadedFile:0x00007ff850a0f000 @tempfile=#<Tempfile:/tmp/RackMultipart20191009-8386-16zbqqn.jpg>, @original_filename="PeterDalton.jpg", @content_type="image/jpeg", @headers="Content-Disposition: form-data; name=\"name\"; filename=\"PeterDalton.jpg\"\r\nContent-Type: image/jpeg\r\n">, "commit"=>"Add!"}
Completed 500 Internal Server Error in 1ms (ActiveRecord: 0.0ms)


  
NoMethodError (undefined method `pry' for #<Binding:0x00007ff850a48dc8>
Did you mean?  try):
  
app/controllers/contents_controller.rb:13:in `create'
Started POST "/contents" for ::1 at 2019-10-09 18:32:13 +0530
Processing by ContentsController#create as HTML
  Parameters: {"utf8"=>"✓", "authenticity_token"=>"jiXk8PNVZ5tXd8z7pdFOXOen/lAm3aAMNA5xLvkr7CX6mWvIsdfYNGcqNNTgvxpGkARRvUUaoiGUDHH3u2Sgyw==", "name"=>#<ActionDispatch::Http::UploadedFile:0x00007ff848273588 @tempfile=#<Tempfile:/tmp/RackMultipart20191009-8386-1bomqjv.jpg>, @original_filename="PeterDalton.jpg", @content_type="image/jpeg", @headers="Content-Disposition: form-data; name=\"name\"; filename=\"PeterDalton.jpg\"\r\nContent-Type: image/jpeg\r\n">, "commit"=>"Add!"}
Completed 500 Internal Server Error in 1ms (ActiveRecord: 0.0ms)


  
NoMethodError (undefined method `pry' for #<Binding:0x00007ff85803b350>
Did you mean?  try):
  
app/controllers/contents_controller.rb:13:in `create'
Started GET "/contents/new" for ::1 at 2019-10-09 18:32:23 +0530
Processing by ContentsController#new as HTML
  Rendering contents/new.html.erb within layouts/application
  Rendered contents/new.html.erb within layouts/application (0.6ms)
Completed 200 OK in 8ms (Views: 7.2ms | ActiveRecord: 0.0ms)


Started POST "/contents" for ::1 at 2019-10-09 18:32:28 +0530
Processing by ContentsController#create as HTML
  Parameters: {"utf8"=>"✓", "authenticity_token"=>"4T+H5s8crYEx8/qB1ydU8s+rLZ+wxpjnZMTim4gQoU+VgwjejZ4SLgGuAq6SSQDouAiCctMBmsrExuJCyl/toQ==", "name"=>#<ActionDispatch::Http::UploadedFile:0x00007ff851ce8c80 @tempfile=#<Tempfile:/tmp/RackMultipart20191009-8386-1b60iqr.jpg>, @original_filename="PeterDalton.jpg", @content_type="image/jpeg", @headers="Content-Disposition: form-data; name=\"name\"; filename=\"PeterDalton.jpg\"\r\nContent-Type: image/jpeg\r\n">, "commit"=>"Add!"}
Completed 500 Internal Server Error in 3ms (ActiveRecord: 0.0ms)


  
NoMethodError (undefined method `pry' for #<Binding:0x00007ff851cf1100>
Did you mean?  try):
  
app/controllers/contents_controller.rb:13:in `create'
Started GET "/contents/new" for ::1 at 2019-10-09 18:32:39 +0530
  [1m[35m (0.3ms)[0m  [1m[34mSELECT "schema_migrations"."version" FROM "schema_migrations" ORDER BY "schema_migrations"."version" ASC[0m
  ↳ /home/er/.rvm/gems/ruby-2.6.3/gems/activerecord-5.2.3/lib/active_record/log_subscriber.rb:98
Processing by ContentsController#new as HTML
  Rendering contents/new.html.erb within layouts/application
  Rendered contents/new.html.erb within layouts/application (1.2ms)
Completed 200 OK in 109ms (Views: 106.4ms | ActiveRecord: 0.0ms)


Started POST "/contents" for ::1 at 2019-10-09 18:32:45 +0530
Processing by ContentsController#create as HTML
  Parameters: {"utf8"=>"✓", "authenticity_token"=>"8NtK0w7/bNdCXx1cJoBwtbemCL0zo88HBr6diUkHtCKEZ8XrTH3TeHIC5XNj7iSvwAWnUFBkzSqmvJ1QC0j4zA==", "name"=>#<ActionDispatch::Http::UploadedFile:0x00007f289976e8f0 @tempfile=#<Tempfile:/tmp/RackMultipart20191009-10727-6rc55p.jpg>, @original_filename="PeterDalton.jpg", @content_type="image/jpeg", @headers="Content-Disposition: form-data; name=\"name\"; filename=\"PeterDalton.jpg\"\r\nContent-Type: image/jpeg\r\n">, "commit"=>"Add!"}
  Rendering contents/create.html.erb within layouts/application
  Rendered contents/create.html.erb within layouts/application (0.7ms)
Completed 200 OK in 161633ms (Views: 31.4ms | ActiveRecord: 0.0ms)


Started GET "/contents/new" for ::1 at 2019-10-09 18:39:50 +0530
Processing by ContentsController#new as HTML
  Rendering contents/new.html.erb within layouts/application
  Rendered contents/new.html.erb within layouts/application (0.6ms)
Completed 200 OK in 8ms (Views: 7.0ms | ActiveRecord: 0.0ms)


Started POST "/contents" for ::1 at 2019-10-09 18:39:55 +0530
Processing by ContentsController#create as HTML
  Parameters: {"utf8"=>"✓", "authenticity_token"=>"fi/VwTGR8EHhwZY8FYlA6t92rr4HCHqjrJAopkBrXU4Kk1r5cxNP7tGcbhNQ5xTwqNUBU2TPeI4Mkih/AiQRoA==", "attachment"=>{"images"=>[#<ActionDispatch::Http::UploadedFile:0x00007f28a86bba98 @tempfile=#<Tempfile:/tmp/RackMultipart20191009-10727-rbaq4p.jpg>, @original_filename="Ganga.jpg", @content_type="image/jpeg", @headers="Content-Disposition: form-data; name=\"attachment[images][]\"; filename=\"Ganga.jpg\"\r\nContent-Type: image/jpeg\r\n">, #<ActionDispatch::Http::UploadedFile:0x00007f28a86bba48 @tempfile=#<Tempfile:/tmp/RackMultipart20191009-10727-gebgkr.jpg>, @original_filename="PeterDalton.jpg", @content_type="image/jpeg", @headers="Content-Disposition: form-data; name=\"attachment[images][]\"; filename=\"PeterDalton.jpg\"\r\nContent-Type: image/jpeg\r\n">]}, "commit"=>"Add!"}
  Rendering contents/create.html.erb within layouts/application
  Rendered contents/create.html.erb within layouts/application (0.5ms)
Completed 200 OK in 315021ms (Views: 20.7ms | ActiveRecord: 0.0ms)


Started POST "/contents" for ::1 at 2019-10-09 18:45:17 +0530
Processing by ContentsController#create as HTML
  Parameters: {"utf8"=>"✓", "authenticity_token"=>"fi/VwTGR8EHhwZY8FYlA6t92rr4HCHqjrJAopkBrXU4Kk1r5cxNP7tGcbhNQ5xTwqNUBU2TPeI4Mkih/AiQRoA==", "attachment"=>{"images"=>[#<ActionDispatch::Http::UploadedFile:0x00007f289a365898 @tempfile=#<Tempfile:/tmp/RackMultipart20191009-10727-6p8hfr.jpg>, @original_filename="Ganga.jpg", @content_type="image/jpeg", @headers="Content-Disposition: form-data; name=\"attachment[images][]\"; filename=\"Ganga.jpg\"\r\nContent-Type: image/jpeg\r\n">, #<ActionDispatch::Http::UploadedFile:0x00007f289a365848 @tempfile=#<Tempfile:/tmp/RackMultipart20191009-10727-1kqoc5h.jpg>, @original_filename="PeterDalton.jpg", @content_type="image/jpeg", @headers="Content-Disposition: form-data; name=\"attachment[images][]\"; filename=\"PeterDalton.jpg\"\r\nContent-Type: image/jpeg\r\n">]}, "commit"=>"Add!"}
  Rendering contents/create.html.erb within layouts/application
  Rendered contents/create.html.erb within layouts/application (0.7ms)
Completed 200 OK in 6159ms (Views: 9.5ms | ActiveRecord: 0.0ms)


Started GET "/contents/new" for ::1 at 2019-10-09 18:45:30 +0530
  [1m[35m (0.3ms)[0m  [1m[34mSELECT "schema_migrations"."version" FROM "schema_migrations" ORDER BY "schema_migrations"."version" ASC[0m
  ↳ /home/er/.rvm/gems/ruby-2.6.3/gems/activerecord-5.2.3/lib/active_record/log_subscriber.rb:98
Processing by ContentsController#new as HTML
  Rendering contents/new.html.erb within layouts/application
  Rendered contents/new.html.erb within layouts/application (0.9ms)
Completed 200 OK in 105ms (Views: 101.7ms | ActiveRecord: 0.0ms)


Started POST "/contents" for ::1 at 2019-10-09 18:45:44 +0530
Processing by ContentsController#create as HTML
  Parameters: {"utf8"=>"✓", "authenticity_token"=>"/k7vwWsEZg1Qua6O/uvTVlDGtrGxKelNk9bJ+kEWxSqK8mD5KYbZomDkVqG7hYdMJ2UZXNLu62Az1MkjA1mJxA==", "files"=>[#<ActionDispatch::Http::UploadedFile:0x00007fd7c9557b40 @tempfile=#<Tempfile:/tmp/RackMultipart20191009-12177-94prnb.jpg>, @original_filename="Ganga.jpg", @content_type="image/jpeg", @headers="Content-Disposition: form-data; name=\"files[]\"; filename=\"Ganga.jpg\"\r\nContent-Type: image/jpeg\r\n">, #<ActionDispatch::Http::UploadedFile:0x00007fd7c9557a78 @tempfile=#<Tempfile:/tmp/RackMultipart20191009-12177-1thxwza.jpg>, @original_filename="PeterDalton.jpg", @content_type="image/jpeg", @headers="Content-Disposition: form-data; name=\"files[]\"; filename=\"PeterDalton.jpg\"\r\nContent-Type: image/jpeg\r\n">], "commit"=>"Add!"}
Completed 500 Internal Server Error in 1462053ms (ActiveRecord: 0.0ms)


  
Errno::EIO (Input/output error @ io_writev - <STDOUT>):
  
app/controllers/contents_controller.rb:13:in `create'
Started GET "/" for ::1 at 2019-10-10 17:49:03 +0530
  [1m[35m (0.6ms)[0m  [1m[34mSELECT "schema_migrations"."version" FROM "schema_migrations" ORDER BY "schema_migrations"."version" ASC[0m
  ↳ /home/er/.rvm/gems/ruby-2.6.3/gems/activerecord-5.2.3/lib/active_record/log_subscriber.rb:98
Processing by ContentsController#index as HTML
  Rendering contents/index.html.erb within layouts/application
  [1m[36mContent Load (0.6ms)[0m  [1m[34mSELECT "contents".* FROM "contents"[0m
  ↳ app/views/contents/index.html.erb:1
  Rendered contents/index.html.erb within layouts/application (2.7ms)
Completed 200 OK in 99ms (Views: 93.6ms | ActiveRecord: 1.5ms)


Started GET "/contents/new" for ::1 at 2019-10-10 17:49:05 +0530
Processing by ContentsController#new as HTML
  Rendering contents/new.html.erb within layouts/application
  Rendered contents/new.html.erb within layouts/application (2.0ms)
Completed 200 OK in 31ms (Views: 29.0ms | ActiveRecord: 0.0ms)


Started POST "/contents" for ::1 at 2019-10-10 17:52:11 +0530
Processing by ContentsController#create as HTML
  Parameters: {"utf8"=>"✓", "authenticity_token"=>"FxOe4oO8RN5fPiIM49tSxmUhVmEvgzrNjo+kACcu9m3Vf5VwD+2d3p93dvofitjEPILjyVKHAgQwGvB5QrhTqg==", "files"=>[#<ActionDispatch::Http::UploadedFile:0x00007f3de56f4f08 @tempfile=#<Tempfile:/tmp/RackMultipart20191010-6408-kzn5no.jpg>, @original_filename="Ganga.jpg", @content_type="image/jpeg", @headers="Content-Disposition: form-data; name=\"files[]\"; filename=\"Ganga.jpg\"\r\nContent-Type: image/jpeg\r\n">, #<ActionDispatch::Http::UploadedFile:0x00007f3de56f4e40 @tempfile=#<Tempfile:/tmp/RackMultipart20191010-6408-m4wa4a.jpg>, @original_filename="PeterDalton.jpg", @content_type="image/jpeg", @headers="Content-Disposition: form-data; name=\"files[]\"; filename=\"PeterDalton.jpg\"\r\nContent-Type: image/jpeg\r\n">], "commit"=>"Add!"}
  Rendering contents/create.html.erb within layouts/application
  Rendered contents/create.html.erb within layouts/application (0.7ms)
Completed 200 OK in 5461945ms (Views: 15.4ms | ActiveRecord: 1.6ms)


Started GET "/contents" for ::1 at 2019-10-10 19:23:18 +0530
Processing by ContentsController#index as HTML
  Rendering contents/index.html.erb within layouts/application
  [1m[36mContent Load (0.3ms)[0m  [1m[34mSELECT "contents".* FROM "contents"[0m
  ↳ app/views/contents/index.html.erb:1
  Rendered contents/index.html.erb within layouts/application (2.1ms)
Completed 200 OK in 18ms (Views: 15.7ms | ActiveRecord: 1.0ms)


Started GET "/contents/new" for ::1 at 2019-10-10 19:23:20 +0530
Processing by ContentsController#new as HTML
  Rendering contents/new.html.erb within layouts/application
  Rendered contents/new.html.erb within layouts/application (3.0ms)
Completed 200 OK in 13ms (Views: 11.0ms | ActiveRecord: 0.0ms)


Started POST "/contents" for ::1 at 2019-10-10 19:24:28 +0530
Processing by ContentsController#create as HTML
  Parameters: {"utf8"=>"✓", "authenticity_token"=>"033E7viHGitYG45gGkTOBURba+Oj4C0XY//moaw9Wp8REc98dNbDK5hS2pbmFUQHHfjeS97kFd7darLYyav/WA==", "files"=>[#<ActionDispatch::Http::UploadedFile:0x00007f3de4deb420 @tempfile=#<Tempfile:/tmp/RackMultipart20191010-6408-fjytkc.jpg>, @original_filename="Ganga.jpg", @content_type="image/jpeg", @headers="Content-Disposition: form-data; name=\"files[]\"; filename=\"Ganga.jpg\"\r\nContent-Type: image/jpeg\r\n">, #<ActionDispatch::Http::UploadedFile:0x00007f3de4deb358 @tempfile=#<Tempfile:/tmp/RackMultipart20191010-6408-1n0p2pi.jpg>, @original_filename="PeterDalton.jpg", @content_type="image/jpeg", @headers="Content-Disposition: form-data; name=\"files[]\"; filename=\"PeterDalton.jpg\"\r\nContent-Type: image/jpeg\r\n">], "out_name"=>{"Enter File Name For Zip"=>"zipp"}, "commit"=>"Add!"}
Completed 500 Internal Server Error in 101021ms (ActiveRecord: 0.0ms)


  
NoMethodError (undefined method `get_variables_for_zip' for #<ContentsController:0x00007f3de527f040>):
  
app/controllers/contents_controller.rb:15:in `create'
Started GET "/contents/new" for ::1 at 2019-10-10 19:27:00 +0530
Processing by ContentsController#new as HTML
  Rendering contents/new.html.erb within layouts/application
  Rendered contents/new.html.erb within layouts/application (1.3ms)
Completed 500 Internal Server Error in 3ms (ActiveRecord: 0.0ms)


  
ActionView::Template::Error (wrong number of arguments (given 1, expected 2..3)):
     8: <%= form_tag contents_path, method: :post, multipart: true do %>
     9:   <%= label_tag 'Content', 'Select Files' %>
    10:   <%= file_field_tag('files[]', multiple: true, class: 'drop-target') %>
    11:   <%= text_field 'out_name' %>
    12:   <%= submit_tag 'Add!' %>
    13: <% end %>
  
app/views/contents/new.html.erb:11:in `block in _app_views_contents_new_html_erb___1075038886262969679_69951831087160'
app/views/contents/new.html.erb:8:in `_app_views_contents_new_html_erb___1075038886262969679_69951831087160'
Started GET "/contents/new" for ::1 at 2019-10-10 19:27:12 +0530
Processing by ContentsController#new as HTML
  Rendering contents/new.html.erb within layouts/application
  Rendered contents/new.html.erb within layouts/application (0.8ms)
Completed 500 Internal Server Error in 2ms (ActiveRecord: 0.0ms)


  
ActionView::Template::Error (wrong number of arguments (given 1, expected 2..3)):
     8: <%= form_tag contents_path, method: :post, multipart: true do %>
     9:   <%= label_tag 'Content', 'Select Files' %>
    10:   <%= file_field_tag('files[]', multiple: true, class: 'drop-target') %>
    11:   <%= text_field :out_name %>
    12:   <%= submit_tag 'Add!' %>
    13: <% end %>
  
app/views/contents/new.html.erb:11:in `block in _app_views_contents_new_html_erb___1075038886262969679_69951933888460'
app/views/contents/new.html.erb:8:in `_app_views_contents_new_html_erb___1075038886262969679_69951933888460'
Started GET "/contents/new" for ::1 at 2019-10-10 19:27:37 +0530
Processing by ContentsController#new as HTML
  Rendering contents/new.html.erb within layouts/application
  Rendered contents/new.html.erb within layouts/application (0.8ms)
Completed 200 OK in 19ms (Views: 18.4ms | ActiveRecord: 0.0ms)


Started POST "/contents" for ::1 at 2019-10-10 19:27:46 +0530
Processing by ContentsController#create as HTML
  Parameters: {"utf8"=>"✓", "authenticity_token"=>"KMBX/UPN8xA5lvFfcafkD/4O2uOd4oplEoZS9VrnLsb36xyVn6MX4LiHhhzMveoRKFrB18YCwTePHvGVEvGo6g==", "Zip Name"=>{"out_name"=>"sdadsa"}, "commit"=>"Add!"}
  Rendering contents/create.html.erb within layouts/application
  Rendered contents/create.html.erb within layouts/application (0.7ms)
Completed 200 OK in 15968ms (Views: 9.2ms | ActiveRecord: 0.0ms)


Started GET "/contents/new" for ::1 at 2019-10-10 19:28:23 +0530
Processing by ContentsController#new as HTML
  Rendering contents/new.html.erb within layouts/application
  Rendered contents/new.html.erb within layouts/application (0.7ms)
Completed 500 Internal Server Error in 2ms (ActiveRecord: 0.0ms)


  
ActionView::Template::Error (wrong number of arguments (given 1, expected 2..3)):
     8: <%= form_tag contents_path, method: :post, multipart: true do %>
     9:   <%= label_tag 'Content', 'Select Files' %>
    10:   <%= file_field_tag('files[]', multiple: true, class: 'drop-target') %>
    11:   <%= text_field :out_name %>
    12:   <%= submit_tag 'Add!' %>
    13: <% end %>
  
app/views/contents/new.html.erb:11:in `block in _app_views_contents_new_html_erb___1075038886262969679_69951910249700'
app/views/contents/new.html.erb:8:in `_app_views_contents_new_html_erb___1075038886262969679_69951910249700'
Started GET "/contents/new" for ::1 at 2019-10-10 19:28:58 +0530
Processing by ContentsController#new as HTML
  Rendering contents/new.html.erb within layouts/application
  Rendered contents/new.html.erb within layouts/application (0.7ms)
Completed 500 Internal Server Error in 2ms (ActiveRecord: 0.0ms)


  
ActionView::Template::Error (wrong number of arguments (given 1, expected 2..3)):
     8: <%= form_tag contents_path, method: :post, multipart: true do %>
     9:   <%= label_tag 'Content', 'Select Files' %>
    10:   <%= file_field_tag('files[]', multiple: true, class: 'drop-target') %>
    11:   <%= text_field 'out_name' %>
    12:   <%= submit_tag 'Add!' %>
    13: <% end %>
  
app/views/contents/new.html.erb:11:in `block in _app_views_contents_new_html_erb___1075038886262969679_69951962980220'
app/views/contents/new.html.erb:8:in `_app_views_contents_new_html_erb___1075038886262969679_69951962980220'
Started GET "/contents/new" for ::1 at 2019-10-10 19:29:04 +0530
Processing by ContentsController#new as HTML
  Rendering contents/new.html.erb within layouts/application
  Rendered contents/new.html.erb within layouts/application (0.6ms)
Completed 200 OK in 8ms (Views: 7.6ms | ActiveRecord: 0.0ms)


Started POST "/contents" for ::1 at 2019-10-10 19:29:09 +0530
Processing by ContentsController#create as HTML
  Parameters: {"utf8"=>"✓", "authenticity_token"=>"UJRhKih/U3D+s8Piz3OFff621Z0QwfsAsJOFF4dmfU2PvypC9BG3gH+itKFyaYtjKOLOqUshsFItCyZ3z3D7YQ==", "out_name"=>"ASDAS", "commit"=>"Add!"}
Started GET "/contents" for ::1 at 2019-10-10 19:30:07 +0530
  [1m[35m (0.3ms)[0m  [1m[34mSELECT "schema_migrations"."version" FROM "schema_migrations" ORDER BY "schema_migrations"."version" ASC[0m
  ↳ /home/er/.rvm/gems/ruby-2.6.3/gems/activerecord-5.2.3/lib/active_record/log_subscriber.rb:98
Processing by ContentsController#index as HTML
  Rendering contents/index.html.erb within layouts/application
  [1m[36mContent Load (0.4ms)[0m  [1m[34mSELECT "contents".* FROM "contents"[0m
  ↳ app/views/contents/index.html.erb:1
  Rendered contents/index.html.erb within layouts/application (13.0ms)
Completed 200 OK in 110ms (Views: 104.2ms | ActiveRecord: 1.2ms)


Started GET "/contents/new" for ::1 at 2019-10-10 19:30:11 +0530
Processing by ContentsController#new as HTML
  Rendering contents/new.html.erb within layouts/application
  Rendered contents/new.html.erb within layouts/application (1.2ms)
Completed 200 OK in 17ms (Views: 16.1ms | ActiveRecord: 0.0ms)


Started POST "/contents" for ::1 at 2019-10-10 19:31:06 +0530
Processing by ContentsController#create as HTML
  Parameters: {"utf8"=>"✓", "authenticity_token"=>"YjXiOopTLDeKigRjKt5LBi6Nv+Y78s8OSKNpopEz5PagWemoBgL1N0rDUJXWj8EEdy4KTkb298f2Nj3b9KVBMQ==", "files"=>[#<ActionDispatch::Http::UploadedFile:0x00007f1d2583e368 @tempfile=#<Tempfile:/tmp/RackMultipart20191010-9044-15v1a1e.jpg>, @original_filename="Ganga.jpg", @content_type="image/jpeg", @headers="Content-Disposition: form-data; name=\"files[]\"; filename=\"Ganga.jpg\"\r\nContent-Type: image/jpeg\r\n">, #<ActionDispatch::Http::UploadedFile:0x00007f1d2583e2a0 @tempfile=#<Tempfile:/tmp/RackMultipart20191010-9044-1laccz.jpg>, @original_filename="PeterDalton.jpg", @content_type="image/jpeg", @headers="Content-Disposition: form-data; name=\"files[]\"; filename=\"PeterDalton.jpg\"\r\nContent-Type: image/jpeg\r\n">], "out_name"=>"psq", "commit"=>"Add!"}
Completed 500 Internal Server Error in 55315ms (ActiveRecord: 0.0ms)


  
NoMethodError (undefined method `get_variables_for_zip' for #<ContentsController:0x00007f1d2583f150>):
  
app/controllers/contents_controller.rb:15:in `create'
Started GET "/contents/new" for ::1 at 2019-10-10 19:32:06 +0530
Processing by ContentsController#new as HTML
  Rendering contents/new.html.erb within layouts/application
  Rendered contents/new.html.erb within layouts/application (0.6ms)
Completed 200 OK in 15ms (Views: 14.9ms | ActiveRecord: 0.0ms)


Started POST "/contents" for ::1 at 2019-10-10 19:32:16 +0530
Processing by ContentsController#create as HTML
  Parameters: {"utf8"=>"✓", "authenticity_token"=>"tIM/M6TrPCh98rxpjqoxKQZYhStIF9wDqwXNurzxxh5rqHRbeIXY2PzjyyozsD830AyeHxP3l1E2nW7a9OdAMg==", "files"=>[#<ActionDispatch::Http::UploadedFile:0x00007f1d14bfefb8 @tempfile=#<Tempfile:/tmp/RackMultipart20191010-9044-14ibb5g.jpg>, @original_filename="Ganga.jpg", @content_type="image/jpeg", @headers="Content-Disposition: form-data; name=\"files[]\"; filename=\"Ganga.jpg\"\r\nContent-Type: image/jpeg\r\n">, #<ActionDispatch::Http::UploadedFile:0x00007f1d14bfef68 @tempfile=#<Tempfile:/tmp/RackMultipart20191010-9044-1w7lce1.jpg>, @original_filename="PeterDalton.jpg", @content_type="image/jpeg", @headers="Content-Disposition: form-data; name=\"files[]\"; filename=\"PeterDalton.jpg\"\r\nContent-Type: image/jpeg\r\n">], "out_name"=>"asd", "commit"=>"Add!"}
Completed 500 Internal Server Error in 80889ms (ActiveRecord: 0.0ms)


  
NoMethodError (undefined method `get_variables_for_zip' for #<ContentsController:0x00007f1d14bff4e0>):
  
app/controllers/contents_controller.rb:15:in `create'
Started GET "/contents/new" for ::1 at 2019-10-10 19:33:41 +0530
Processing by ContentsController#new as HTML
  Rendering contents/new.html.erb within layouts/application
  Rendered contents/new.html.erb within layouts/application (0.5ms)
Completed 200 OK in 15ms (Views: 14.3ms | ActiveRecord: 0.0ms)


Started POST "/contents" for ::1 at 2019-10-10 19:33:48 +0530
Processing by ContentsController#create as HTML
  Parameters: {"utf8"=>"✓", "authenticity_token"=>"DbxKn2ABivJNHdTAaP25uJe3cqOm6gFBzZ4L8WyI5hTSlwH3vG9uAswMo4PV57emQeNpl/0KShNQBqiRJJ5gOA==", "files"=>[#<ActionDispatch::Http::UploadedFile:0x00007f1d201596b0 @tempfile=#<Tempfile:/tmp/RackMultipart20191010-9044-17ws8f0.jpg>, @original_filename="Ganga.jpg", @content_type="image/jpeg", @headers="Content-Disposition: form-data; name=\"files[]\"; filename=\"Ganga.jpg\"\r\nContent-Type: image/jpeg\r\n">, #<ActionDispatch::Http::UploadedFile:0x00007f1d20159660 @tempfile=#<Tempfile:/tmp/RackMultipart20191010-9044-rbko1o.jpg>, @original_filename="PeterDalton.jpg", @content_type="image/jpeg", @headers="Content-Disposition: form-data; name=\"files[]\"; filename=\"PeterDalton.jpg\"\r\nContent-Type: image/jpeg\r\n">], "out_name"=>"sda", "commit"=>"Add!"}
  Rendering contents/create.html.erb within layouts/application
  Rendered contents/create.html.erb within layouts/application (0.7ms)
Completed 200 OK in 26235ms (Views: 11.7ms | ActiveRecord: 0.0ms)


Started POST "/contents" for ::1 at 2019-10-10 19:35:11 +0530
Processing by ContentsController#create as HTML
  Parameters: {"utf8"=>"✓", "authenticity_token"=>"DbxKn2ABivJNHdTAaP25uJe3cqOm6gFBzZ4L8WyI5hTSlwH3vG9uAswMo4PV57emQeNpl/0KShNQBqiRJJ5gOA==", "files"=>[#<ActionDispatch::Http::UploadedFile:0x00007f1d25794f48 @tempfile=#<Tempfile:/tmp/RackMultipart20191010-9044-11c99o7.jpg>, @original_filename="Ganga.jpg", @content_type="image/jpeg", @headers="Content-Disposition: form-data; name=\"files[]\"; filename=\"Ganga.jpg\"\r\nContent-Type: image/jpeg\r\n">, #<ActionDispatch::Http::UploadedFile:0x00007f1d25794e80 @tempfile=#<Tempfile:/tmp/RackMultipart20191010-9044-19w0i59.jpg>, @original_filename="PeterDalton.jpg", @content_type="image/jpeg", @headers="Content-Disposition: form-data; name=\"files[]\"; filename=\"PeterDalton.jpg\"\r\nContent-Type: image/jpeg\r\n">], "out_name"=>"sda", "commit"=>"Add!"}
Completed 500 Internal Server Error in 12651ms (ActiveRecord: 0.0ms)


  
NameError (undefined local variable or method `input_filenames' for #<ContentsController:0x00007f1d25790330>):
  
app/controllers/contents_controller.rb:18:in `block in create'
app/controllers/contents_controller.rb:17:in `create'
Started POST "/contents" for ::1 at 2019-10-10 19:36:31 +0530
Processing by ContentsController#create as HTML
  Parameters: {"utf8"=>"✓", "authenticity_token"=>"DbxKn2ABivJNHdTAaP25uJe3cqOm6gFBzZ4L8WyI5hTSlwH3vG9uAswMo4PV57emQeNpl/0KShNQBqiRJJ5gOA==", "files"=>[#<ActionDispatch::Http::UploadedFile:0x00007f1d14d60ca8 @tempfile=#<Tempfile:/tmp/RackMultipart20191010-9044-17dx2wa.jpg>, @original_filename="Ganga.jpg", @content_type="image/jpeg", @headers="Content-Disposition: form-data; name=\"files[]\"; filename=\"Ganga.jpg\"\r\nContent-Type: image/jpeg\r\n">, #<ActionDispatch::Http::UploadedFile:0x00007f1d14d60c58 @tempfile=#<Tempfile:/tmp/RackMultipart20191010-9044-15qlxsw.jpg>, @original_filename="PeterDalton.jpg", @content_type="image/jpeg", @headers="Content-Disposition: form-data; name=\"files[]\"; filename=\"PeterDalton.jpg\"\r\nContent-Type: image/jpeg\r\n">], "out_name"=>"sda", "commit"=>"Add!"}
Completed 500 Internal Server Error in 62512ms (ActiveRecord: 0.0ms)


  
NameError (undefined local variable or method `input_filenames' for #<ContentsController:0x00007f1d14d622b0>):
  
app/controllers/contents_controller.rb:19:in `block in create'
app/controllers/contents_controller.rb:18:in `create'
Started GET "/contents/new" for ::1 at 2019-10-10 19:40:50 +0530
Processing by ContentsController#new as HTML
  Rendering contents/new.html.erb within layouts/application
  Rendered contents/new.html.erb within layouts/application (61.7ms)
Completed 500 Internal Server Error in 63ms (ActiveRecord: 0.0ms)


  
ActionView::Template::Error (undefined method `password_filed_tag' for #<#<Class:0x00007f1d2570d8b8>:0x00007f1d25716af8>
Did you mean?  password_field_tag):
     9:   <%= label_tag 'Content', 'Select Files' %>
    10:   <%= file_field_tag('files[]', multiple: true, class: 'drop-target') %>
    11:   <%= text_field_tag 'out_name' %>
    12:   <%= password_filed_tag 'password' %>
    13:   <%= submit_tag 'Add!' %>
    14: <% end %>
  
app/views/contents/new.html.erb:12:in `block in _app_views_contents_new_html_erb___3834012973087205786_69881579468220'
app/views/contents/new.html.erb:8:in `_app_views_contents_new_html_erb___3834012973087205786_69881579468220'
Started GET "/contents/new" for ::1 at 2019-10-10 19:41:09 +0530
Processing by ContentsController#new as HTML
  Rendering contents/new.html.erb within layouts/application
  Rendered contents/new.html.erb within layouts/application (0.6ms)
Completed 200 OK in 8ms (Views: 7.2ms | ActiveRecord: 0.0ms)


Started GET "/contents/new" for ::1 at 2019-10-10 19:41:57 +0530
Processing by ContentsController#new as HTML
  Rendering contents/new.html.erb within layouts/application
  Rendered contents/new.html.erb within layouts/application (0.9ms)
Completed 200 OK in 10ms (Views: 8.9ms | ActiveRecord: 0.0ms)


Started POST "/contents" for ::1 at 2019-10-10 19:44:10 +0530
Processing by ContentsController#create as HTML
  Parameters: {"utf8"=>"✓", "authenticity_token"=>"t3Ox8ieAcqGft0l7vtQPHy+dZRu5vnGM27cYMqk0LqpoWPqa++6WUR6mPjgDzgEB+cl+L+JeOt5GL7tS4SKohg==", "files"=>[#<ActionDispatch::Http::UploadedFile:0x00007f1d262cd270 @tempfile=#<Tempfile:/tmp/RackMultipart20191010-9044-1o97737.jpg>, @original_filename="Ganga.jpg", @content_type="image/jpeg", @headers="Content-Disposition: form-data; name=\"files[]\"; filename=\"Ganga.jpg\"\r\nContent-Type: image/jpeg\r\n">, #<ActionDispatch::Http::UploadedFile:0x00007f1d262cd220 @tempfile=#<Tempfile:/tmp/RackMultipart20191010-9044-1b4x6cj.jpg>, @original_filename="PeterDalton.jpg", @content_type="image/jpeg", @headers="Content-Disposition: form-data; name=\"files[]\"; filename=\"PeterDalton.jpg\"\r\nContent-Type: image/jpeg\r\n">], "out_name"=>"asda", "password"=>"[FILTERED]", "commit"=>"Add!"}
Completed 500 Internal Server Error in 5162ms (ActiveRecord: 0.0ms)


  
ArgumentError (wrong number of arguments (given 1, expected 2)):
  
app/controllers/contents_controller.rb:31:in `get_variables_for_zip'
app/controllers/contents_controller.rb:16:in `create'
Started POST "/contents" for ::1 at 2019-10-10 19:44:40 +0530
Processing by ContentsController#create as HTML
  Parameters: {"utf8"=>"✓", "authenticity_token"=>"t3Ox8ieAcqGft0l7vtQPHy+dZRu5vnGM27cYMqk0LqpoWPqa++6WUR6mPjgDzgEB+cl+L+JeOt5GL7tS4SKohg==", "files"=>[#<ActionDispatch::Http::UploadedFile:0x00007f1d258eb770 @tempfile=#<Tempfile:/tmp/RackMultipart20191010-9044-8m9hp3.jpg>, @original_filename="Ganga.jpg", @content_type="image/jpeg", @headers="Content-Disposition: form-data; name=\"files[]\"; filename=\"Ganga.jpg\"\r\nContent-Type: image/jpeg\r\n">, #<ActionDispatch::Http::UploadedFile:0x00007f1d258eb6a8 @tempfile=#<Tempfile:/tmp/RackMultipart20191010-9044-e3llgp.jpg>, @original_filename="PeterDalton.jpg", @content_type="image/jpeg", @headers="Content-Disposition: form-data; name=\"files[]\"; filename=\"PeterDalton.jpg\"\r\nContent-Type: image/jpeg\r\n">], "out_name"=>"asda", "password"=>"[FILTERED]", "commit"=>"Add!"}
Completed 500 Internal Server Error in 7983ms (ActiveRecord: 0.0ms)


  
Errno::EISDIR (Is a directory @ io_fread - /tmp//):
  
app/controllers/contents_controller.rb:21:in `read'
app/controllers/contents_controller.rb:21:in `block (2 levels) in create'
app/controllers/contents_controller.rb:19:in `each'
app/controllers/contents_controller.rb:19:in `block in create'
app/controllers/contents_controller.rb:18:in `create'
Started POST "/contents" for ::1 at 2019-10-11 10:37:11 +0530
  [1m[35m (0.6ms)[0m  [1m[34mSELECT "schema_migrations"."version" FROM "schema_migrations" ORDER BY "schema_migrations"."version" ASC[0m
  ↳ /home/er/.rvm/gems/ruby-2.6.3/gems/activerecord-5.2.3/lib/active_record/log_subscriber.rb:98
Processing by ContentsController#create as HTML
Completed 422 Unprocessable Entity in 0ms (ActiveRecord: 0.0ms)


  
ActionController::InvalidAuthenticityToken (The browser returned a 'null' origin for a request with origin-based forgery protection turned on. This usually
means you have the 'no-referrer' Referrer-Policy header enabled, or that the request came from a site that
refused to give its origin. This makes it impossible for Rails to verify the source of the requests. Likely the
best solution is to change your referrer policy to something less strict like same-origin or strict-same-origin.
If you cannot change the referrer policy, you can disable origin checking with the
Rails.application.config.action_controller.forgery_protection_origin_check setting.
):
  
actionpack (5.2.3) lib/action_controller/metal/request_forgery_protection.rb:433:in `valid_request_origin?'
actionpack (5.2.3) lib/action_controller/metal/request_forgery_protection.rb:291:in `verified_request?'
actionpack (5.2.3) lib/action_controller/metal/request_forgery_protection.rb:230:in `verify_authenticity_token'
activesupport (5.2.3) lib/active_support/callbacks.rb:426:in `block in make_lambda'
activesupport (5.2.3) lib/active_support/callbacks.rb:198:in `block (2 levels) in halting'
actionpack (5.2.3) lib/abstract_controller/callbacks.rb:34:in `block (2 levels) in <module:Callbacks>'
activesupport (5.2.3) lib/active_support/callbacks.rb:199:in `block in halting'
activesupport (5.2.3) lib/active_support/callbacks.rb:513:in `block in invoke_before'
activesupport (5.2.3) lib/active_support/callbacks.rb:513:in `each'
activesupport (5.2.3) lib/active_support/callbacks.rb:513:in `invoke_before'
activesupport (5.2.3) lib/active_support/callbacks.rb:131:in `run_callbacks'
actionpack (5.2.3) lib/abstract_controller/callbacks.rb:41:in `process_action'
actionpack (5.2.3) lib/action_controller/metal/rescue.rb:22:in `process_action'
actionpack (5.2.3) lib/action_controller/metal/instrumentation.rb:34:in `block in process_action'
activesupport (5.2.3) lib/active_support/notifications.rb:168:in `block in instrument'
activesupport (5.2.3) lib/active_support/notifications/instrumenter.rb:23:in `instrument'
activesupport (5.2.3) lib/active_support/notifications.rb:168:in `instrument'
actionpack (5.2.3) lib/action_controller/metal/instrumentation.rb:32:in `process_action'
actionpack (5.2.3) lib/action_controller/metal/params_wrapper.rb:256:in `process_action'
activerecord (5.2.3) lib/active_record/railties/controller_runtime.rb:24:in `process_action'
actionpack (5.2.3) lib/abstract_controller/base.rb:134:in `process'
actionview (5.2.3) lib/action_view/rendering.rb:32:in `process'
actionpack (5.2.3) lib/action_controller/metal.rb:191:in `dispatch'
actionpack (5.2.3) lib/action_controller/metal.rb:252:in `dispatch'
actionpack (5.2.3) lib/action_dispatch/routing/route_set.rb:52:in `dispatch'
actionpack (5.2.3) lib/action_dispatch/routing/route_set.rb:34:in `serve'
actionpack (5.2.3) lib/action_dispatch/journey/router.rb:52:in `block in serve'
actionpack (5.2.3) lib/action_dispatch/journey/router.rb:35:in `each'
actionpack (5.2.3) lib/action_dispatch/journey/router.rb:35:in `serve'
actionpack (5.2.3) lib/action_dispatch/routing/route_set.rb:840:in `call'
rack (2.0.7) lib/rack/tempfile_reaper.rb:15:in `call'
rack (2.0.7) lib/rack/etag.rb:25:in `call'
rack (2.0.7) lib/rack/conditional_get.rb:38:in `call'
rack (2.0.7) lib/rack/head.rb:12:in `call'
actionpack (5.2.3) lib/action_dispatch/http/content_security_policy.rb:18:in `call'
rack (2.0.7) lib/rack/session/abstract/id.rb:232:in `context'
rack (2.0.7) lib/rack/session/abstract/id.rb:226:in `call'
actionpack (5.2.3) lib/action_dispatch/middleware/cookies.rb:670:in `call'
activerecord (5.2.3) lib/active_record/migration.rb:559:in `call'
actionpack (5.2.3) lib/action_dispatch/middleware/callbacks.rb:28:in `block in call'
activesupport (5.2.3) lib/active_support/callbacks.rb:98:in `run_callbacks'
actionpack (5.2.3) lib/action_dispatch/middleware/callbacks.rb:26:in `call'
actionpack (5.2.3) lib/action_dispatch/middleware/executor.rb:14:in `call'
actionpack (5.2.3) lib/action_dispatch/middleware/debug_exceptions.rb:61:in `call'
web-console (3.7.0) lib/web_console/middleware.rb:135:in `call_app'
web-console (3.7.0) lib/web_console/middleware.rb:30:in `block in call'
web-console (3.7.0) lib/web_console/middleware.rb:20:in `catch'
web-console (3.7.0) lib/web_console/middleware.rb:20:in `call'
actionpack (5.2.3) lib/action_dispatch/middleware/show_exceptions.rb:33:in `call'
railties (5.2.3) lib/rails/rack/logger.rb:38:in `call_app'
railties (5.2.3) lib/rails/rack/logger.rb:26:in `block in call'
activesupport (5.2.3) lib/active_support/tagged_logging.rb:71:in `block in tagged'
activesupport (5.2.3) lib/active_support/tagged_logging.rb:28:in `tagged'
activesupport (5.2.3) lib/active_support/tagged_logging.rb:71:in `tagged'
railties (5.2.3) lib/rails/rack/logger.rb:26:in `call'
sprockets-rails (3.2.1) lib/sprockets/rails/quiet_assets.rb:13:in `call'
actionpack (5.2.3) lib/action_dispatch/middleware/remote_ip.rb:81:in `call'
actionpack (5.2.3) lib/action_dispatch/middleware/request_id.rb:27:in `call'
rack (2.0.7) lib/rack/method_override.rb:22:in `call'
rack (2.0.7) lib/rack/runtime.rb:22:in `call'
activesupport (5.2.3) lib/active_support/cache/strategy/local_cache_middleware.rb:29:in `call'
actionpack (5.2.3) lib/action_dispatch/middleware/executor.rb:14:in `call'
actionpack (5.2.3) lib/action_dispatch/middleware/static.rb:127:in `call'
rack (2.0.7) lib/rack/sendfile.rb:111:in `call'
railties (5.2.3) lib/rails/engine.rb:524:in `call'
puma (3.12.1) lib/puma/configuration.rb:227:in `call'
puma (3.12.1) lib/puma/server.rb:660:in `handle_request'
puma (3.12.1) lib/puma/server.rb:474:in `process_client'
puma (3.12.1) lib/puma/server.rb:334:in `block in run'
puma (3.12.1) lib/puma/thread_pool.rb:135:in `block in spawn_thread'
Started POST "/contents" for ::1 at 2019-10-11 10:37:24 +0530
Processing by ContentsController#create as HTML
  Parameters: {"utf8"=>"✓", "authenticity_token"=>"t3Ox8ieAcqGft0l7vtQPHy+dZRu5vnGM27cYMqk0LqpoWPqa++6WUR6mPjgDzgEB+cl+L+JeOt5GL7tS4SKohg==", "files"=>[#<ActionDispatch::Http::UploadedFile:0x00007f83581355c8 @tempfile=#<Tempfile:/tmp/RackMultipart20191011-3502-1heeet6.jpg>, @original_filename="Ganga.jpg", @content_type="image/jpeg", @headers="Content-Disposition: form-data; name=\"files[]\"; filename=\"Ganga.jpg\"\r\nContent-Type: image/jpeg\r\n">, #<ActionDispatch::Http::UploadedFile:0x00007f8358135578 @tempfile=#<Tempfile:/tmp/RackMultipart20191011-3502-1svgkun.jpg>, @original_filename="PeterDalton.jpg", @content_type="image/jpeg", @headers="Content-Disposition: form-data; name=\"files[]\"; filename=\"PeterDalton.jpg\"\r\nContent-Type: image/jpeg\r\n">], "out_name"=>"asda", "password"=>"[FILTERED]", "commit"=>"Add!"}
Completed 500 Internal Server Error in 60411ms (ActiveRecord: 0.0ms)


  
Errno::EISDIR (Is a directory @ io_fread - /tmp//):
  
app/controllers/contents_controller.rb:21:in `read'
app/controllers/contents_controller.rb:21:in `block (2 levels) in create'
app/controllers/contents_controller.rb:19:in `each'
app/controllers/contents_controller.rb:19:in `block in create'
app/controllers/contents_controller.rb:18:in `create'
Started GET "/contents/new" for ::1 at 2019-10-11 10:38:40 +0530
Processing by ContentsController#new as HTML
  Rendering contents/new.html.erb within layouts/application
  Rendered contents/new.html.erb within layouts/application (0.7ms)
Completed 200 OK in 124ms (Views: 123.3ms | ActiveRecord: 0.0ms)


Started POST "/contents" for ::1 at 2019-10-11 10:38:53 +0530
Processing by ContentsController#create as HTML
  Parameters: {"utf8"=>"✓", "authenticity_token"=>"y95UQitPpQY99rdRSvzTrCSqaP0rLGoHk7pnQc+badwU9R8q9yFB9rznwBL35t2y8v5zyXDMIVUOIsQhh43v8A==", "files"=>[#<ActionDispatch::Http::UploadedFile:0x00007f8358692fe8 @tempfile=#<Tempfile:/tmp/RackMultipart20191011-3502-191b3c.jpg>, @original_filename="Ganga.jpg", @content_type="image/jpeg", @headers="Content-Disposition: form-data; name=\"files[]\"; filename=\"Ganga.jpg\"\r\nContent-Type: image/jpeg\r\n">, #<ActionDispatch::Http::UploadedFile:0x00007f8358692f98 @tempfile=#<Tempfile:/tmp/RackMultipart20191011-3502-qcuogg.jpg>, @original_filename="PeterDalton.jpg", @content_type="image/jpeg", @headers="Content-Disposition: form-data; name=\"files[]\"; filename=\"PeterDalton.jpg\"\r\nContent-Type: image/jpeg\r\n">], "out_name"=>"psq", "password"=>"[FILTERED]", "commit"=>"Add!"}
Completed 500 Internal Server Error in 9989058ms (ActiveRecord: 0.0ms)


  
Errno::EISDIR (Is a directory @ io_fread - /tmp//):
  
app/controllers/contents_controller.rb:21:in `read'
app/controllers/contents_controller.rb:21:in `block (2 levels) in create'
app/controllers/contents_controller.rb:19:in `each'
app/controllers/contents_controller.rb:19:in `block in create'
app/controllers/contents_controller.rb:18:in `create'
Started GET "/contents/new" for ::1 at 2019-10-11 14:14:35 +0530
Processing by ContentsController#new as HTML
  Rendering contents/new.html.erb within layouts/application
  Rendered contents/new.html.erb within layouts/application (1.0ms)
Completed 200 OK in 13ms (Views: 12.7ms | ActiveRecord: 0.0ms)


Started GET "/contents/new" for ::1 at 2019-10-11 14:14:37 +0530
Processing by ContentsController#new as HTML
  Rendering contents/new.html.erb within layouts/application
  Rendered contents/new.html.erb within layouts/application (1.0ms)
Completed 200 OK in 23ms (Views: 22.1ms | ActiveRecord: 0.0ms)


Started POST "/contents" for ::1 at 2019-10-11 14:17:32 +0530
Processing by ContentsController#create as HTML
  Parameters: {"utf8"=>"✓", "authenticity_token"=>"62VWp8uj6a4U6tfuFxW0ZDzSpfTr4LYHnrbxMmOzc6o0Th3PF80NXpX7oK2qD7p66oa+wLAA/VUDLlJSK6X1hg==", "files"=>[#<ActionDispatch::Http::UploadedFile:0x00007f83550f2d98 @tempfile=#<Tempfile:/tmp/RackMultipart20191011-3502-1umwn40.jpg>, @original_filename="Ganga.jpg", @content_type="image/jpeg", @headers="Content-Disposition: form-data; name=\"files[]\"; filename=\"Ganga.jpg\"\r\nContent-Type: image/jpeg\r\n">, #<ActionDispatch::Http::UploadedFile:0x00007f83550f2d48 @tempfile=#<Tempfile:/tmp/RackMultipart20191011-3502-1eketgq.jpg>, @original_filename="PeterDalton.jpg", @content_type="image/jpeg", @headers="Content-Disposition: form-data; name=\"files[]\"; filename=\"PeterDalton.jpg\"\r\nContent-Type: image/jpeg\r\n">], "out_name"=>"afs", "password"=>"[FILTERED]", "commit"=>"Add!"}
Completed 500 Internal Server Error in 287262ms (ActiveRecord: 0.0ms)


  
Errno::EISDIR (Is a directory @ io_fread - /tmp//):
  
app/controllers/contents_controller.rb:21:in `read'
app/controllers/contents_controller.rb:21:in `block (2 levels) in create'
app/controllers/contents_controller.rb:18:in `each'
app/controllers/contents_controller.rb:18:in `block in create'
app/controllers/contents_controller.rb:17:in `create'
Started POST "/contents" for ::1 at 2019-10-11 14:22:30 +0530
Processing by ContentsController#create as HTML
  Parameters: {"utf8"=>"✓", "authenticity_token"=>"62VWp8uj6a4U6tfuFxW0ZDzSpfTr4LYHnrbxMmOzc6o0Th3PF80NXpX7oK2qD7p66oa+wLAA/VUDLlJSK6X1hg==", "files"=>[#<ActionDispatch::Http::UploadedFile:0x00007f8358763738 @tempfile=#<Tempfile:/tmp/RackMultipart20191011-3502-4bwiw0.jpg>, @original_filename="Ganga.jpg", @content_type="image/jpeg", @headers="Content-Disposition: form-data; name=\"files[]\"; filename=\"Ganga.jpg\"\r\nContent-Type: image/jpeg\r\n">, #<ActionDispatch::Http::UploadedFile:0x00007f83587636e8 @tempfile=#<Tempfile:/tmp/RackMultipart20191011-3502-pnhkhm.jpg>, @original_filename="PeterDalton.jpg", @content_type="image/jpeg", @headers="Content-Disposition: form-data; name=\"files[]\"; filename=\"PeterDalton.jpg\"\r\nContent-Type: image/jpeg\r\n">], "out_name"=>"afs", "password"=>"[FILTERED]", "commit"=>"Add!"}
Completed 500 Internal Server Error in 4865ms (ActiveRecord: 0.0ms)


  
Errno::ENOENT (No such file or directory @ rb_sysopen - /download/afs.zip):
  
app/controllers/contents_controller.rb:24:in `initialize'
app/controllers/contents_controller.rb:24:in `open'
app/controllers/contents_controller.rb:24:in `create'
Started POST "/contents" for ::1 at 2019-10-11 14:25:17 +0530
Processing by ContentsController#create as HTML
  Parameters: {"utf8"=>"✓", "authenticity_token"=>"62VWp8uj6a4U6tfuFxW0ZDzSpfTr4LYHnrbxMmOzc6o0Th3PF80NXpX7oK2qD7p66oa+wLAA/VUDLlJSK6X1hg==", "files"=>[#<ActionDispatch::Http::UploadedFile:0x00007f8354eb55a8 @tempfile=#<Tempfile:/tmp/RackMultipart20191011-3502-n9z4es.jpg>, @original_filename="Ganga.jpg", @content_type="image/jpeg", @headers="Content-Disposition: form-data; name=\"files[]\"; filename=\"Ganga.jpg\"\r\nContent-Type: image/jpeg\r\n">, #<ActionDispatch::Http::UploadedFile:0x00007f8354eb5558 @tempfile=#<Tempfile:/tmp/RackMultipart20191011-3502-b2rn5j.jpg>, @original_filename="PeterDalton.jpg", @content_type="image/jpeg", @headers="Content-Disposition: form-data; name=\"files[]\"; filename=\"PeterDalton.jpg\"\r\nContent-Type: image/jpeg\r\n">], "out_name"=>"afs", "password"=>"[FILTERED]", "commit"=>"Add!"}
Completed 500 Internal Server Error in 505252ms (ActiveRecord: 0.0ms)


  
Errno::ENOENT (No such file or directory @ rb_sysopen - /download/afs.zip):
  
app/controllers/contents_controller.rb:24:in `initialize'
app/controllers/contents_controller.rb:24:in `open'
app/controllers/contents_controller.rb:24:in `create'
Started POST "/contents" for ::1 at 2019-10-11 14:33:55 +0530
Processing by ContentsController#create as HTML
  Parameters: {"utf8"=>"✓", "authenticity_token"=>"62VWp8uj6a4U6tfuFxW0ZDzSpfTr4LYHnrbxMmOzc6o0Th3PF80NXpX7oK2qD7p66oa+wLAA/VUDLlJSK6X1hg==", "files"=>[#<ActionDispatch::Http::UploadedFile:0x00007f83586e6b98 @tempfile=#<Tempfile:/tmp/RackMultipart20191011-3502-cffpac.jpg>, @original_filename="Ganga.jpg", @content_type="image/jpeg", @headers="Content-Disposition: form-data; name=\"files[]\"; filename=\"Ganga.jpg\"\r\nContent-Type: image/jpeg\r\n">, #<ActionDispatch::Http::UploadedFile:0x00007f83586e6b48 @tempfile=#<Tempfile:/tmp/RackMultipart20191011-3502-1s5053x.jpg>, @original_filename="PeterDalton.jpg", @content_type="image/jpeg", @headers="Content-Disposition: form-data; name=\"files[]\"; filename=\"PeterDalton.jpg\"\r\nContent-Type: image/jpeg\r\n">], "out_name"=>"afs", "password"=>"[FILTERED]", "commit"=>"Add!"}
Completed 500 Internal Server Error in 38804ms (ActiveRecord: 0.0ms)


  
Errno::ENOENT (No such file or directory @ rb_sysopen - /download/afs.zip):
  
app/controllers/contents_controller.rb:24:in `initialize'
app/controllers/contents_controller.rb:24:in `open'
app/controllers/contents_controller.rb:24:in `create'
Started POST "/contents" for ::1 at 2019-10-11 14:35:45 +0530
Processing by ContentsController#create as HTML
  Parameters: {"utf8"=>"✓", "authenticity_token"=>"62VWp8uj6a4U6tfuFxW0ZDzSpfTr4LYHnrbxMmOzc6o0Th3PF80NXpX7oK2qD7p66oa+wLAA/VUDLlJSK6X1hg==", "files"=>[#<ActionDispatch::Http::UploadedFile:0x00007f835892bdb8 @tempfile=#<Tempfile:/tmp/RackMultipart20191011-3502-b9fvp2.jpg>, @original_filename="Ganga.jpg", @content_type="image/jpeg", @headers="Content-Disposition: form-data; name=\"files[]\"; filename=\"Ganga.jpg\"\r\nContent-Type: image/jpeg\r\n">, #<ActionDispatch::Http::UploadedFile:0x00007f835892bd68 @tempfile=#<Tempfile:/tmp/RackMultipart20191011-3502-1f85z4r.jpg>, @original_filename="PeterDalton.jpg", @content_type="image/jpeg", @headers="Content-Disposition: form-data; name=\"files[]\"; filename=\"PeterDalton.jpg\"\r\nContent-Type: image/jpeg\r\n">], "out_name"=>"afs", "password"=>"[FILTERED]", "commit"=>"Add!"}
  Rendering contents/create.html.erb within layouts/application
  Rendered contents/create.html.erb within layouts/application (0.2ms)
Completed 200 OK in 135ms (Views: 6.2ms | ActiveRecord: 0.0ms)


Started GET "/contents/new" for ::1 at 2019-10-11 14:36:14 +0530
Processing by ContentsController#new as HTML
  Rendering contents/new.html.erb within layouts/application
  Rendered contents/new.html.erb within layouts/application (0.8ms)
Completed 200 OK in 8ms (Views: 7.2ms | ActiveRecord: 0.0ms)


Started POST "/contents" for ::1 at 2019-10-11 14:36:26 +0530
Processing by ContentsController#create as HTML
  Parameters: {"utf8"=>"✓", "authenticity_token"=>"0PXKDRRwNNls5Y54vkpG7mge4yLRuH6j5YdgB14ABuYP3oFlyB7QKe30+TsDUEjwvkr4FopYNfF4H8NnFhaAyg==", "files"=>[#<ActionDispatch::Http::UploadedFile:0x00007f8354c8af80 @tempfile=#<Tempfile:/tmp/RackMultipart20191011-3502-1cp1db6.jpg>, @original_filename="Ganga.jpg", @content_type="image/jpeg", @headers="Content-Disposition: form-data; name=\"files[]\"; filename=\"Ganga.jpg\"\r\nContent-Type: image/jpeg\r\n">, #<ActionDispatch::Http::UploadedFile:0x00007f8354c8adf0 @tempfile=#<Tempfile:/tmp/RackMultipart20191011-3502-siy95j.jpg>, @original_filename="PeterDalton.jpg", @content_type="image/jpeg", @headers="Content-Disposition: form-data; name=\"files[]\"; filename=\"PeterDalton.jpg\"\r\nContent-Type: image/jpeg\r\n">], "out_name"=>"hello", "password"=>"[FILTERED]", "commit"=>"Add!"}
  Rendering contents/create.html.erb within layouts/application
  Rendered contents/create.html.erb within layouts/application (0.2ms)
Completed 200 OK in 134ms (Views: 6.2ms | ActiveRecord: 0.0ms)


Started GET "/contents" for ::1 at 2019-10-11 14:38:28 +0530
Processing by ContentsController#index as HTML
  Rendering contents/index.html.erb within layouts/application
  [1m[36mContent Load (0.8ms)[0m  [1m[34mSELECT "contents".* FROM "contents"[0m
  ↳ app/views/contents/index.html.erb:1
  Rendered contents/index.html.erb within layouts/application (3.3ms)
Completed 200 OK in 11ms (Views: 7.3ms | ActiveRecord: 2.3ms)


Started GET "/contents/new" for ::1 at 2019-10-11 14:38:33 +0530
Processing by ContentsController#new as HTML
  Rendering contents/new.html.erb within layouts/application
  Rendered contents/new.html.erb within layouts/application (0.7ms)
Completed 200 OK in 8ms (Views: 7.2ms | ActiveRecord: 0.0ms)


Started POST "/contents" for ::1 at 2019-10-11 14:38:50 +0530
Processing by ContentsController#create as HTML
  Parameters: {"utf8"=>"✓", "authenticity_token"=>"4mQ93fWfp8VM9Id/NcQZacBs5hZAKyZChvlV2pCqgKYgCDZPec5+xYy904nJlZNrmc9Tvj0vHos4bAGj9TwlYQ==", "files"=>[#<ActionDispatch::Http::UploadedFile:0x00007f83586efe50 @tempfile=#<Tempfile:/tmp/RackMultipart20191011-3502-1wv7hef.jpg>, @original_filename="description.jpg", @content_type="image/jpeg", @headers="Content-Disposition: form-data; name=\"files[]\"; filename=\"description.jpg\"\r\nContent-Type: image/jpeg\r\n">, #<ActionDispatch::Http::UploadedFile:0x00007f83586efe00 @tempfile=#<Tempfile:/tmp/RackMultipart20191011-3502-82brfs.jpg>, @original_filename="image.jpg", @content_type="image/jpeg", @headers="Content-Disposition: form-data; name=\"files[]\"; filename=\"image.jpg\"\r\nContent-Type: image/jpeg\r\n">], "out_name"=>"psq", "password"=>"[FILTERED]", "commit"=>"Add!"}
Completed 500 Internal Server Error in 191ms (ActiveRecord: 0.0ms)


  
NameError (undefined local variable or method `root' for #<ContentsController:0x00007f83586e83d0>):
  
app/controllers/contents_controller.rb:24:in `create'
Started GET "/rails/info/routes" for ::1 at 2019-10-11 14:39:04 +0530
Processing by Rails::InfoController#routes as HTML
  Rendering /home/er/.rvm/gems/ruby-2.6.3/gems/railties-5.2.3/lib/rails/templates/rails/info/routes.html.erb within layouts/application
  Rendered collection of /home/er/.rvm/gems/ruby-2.6.3/gems/actionpack-5.2.3/lib/action_dispatch/middleware/templates/routes/_route.html.erb [10 times] (2.1ms)
  Rendered /home/er/.rvm/gems/ruby-2.6.3/gems/actionpack-5.2.3/lib/action_dispatch/middleware/templates/routes/_table.html.erb (2.2ms)
  Rendered /home/er/.rvm/gems/ruby-2.6.3/gems/railties-5.2.3/lib/rails/templates/rails/info/routes.html.erb within layouts/application (6.1ms)
Completed 200 OK in 8ms (Views: 7.3ms | ActiveRecord: 0.0ms)


Started POST "/contents" for ::1 at 2019-10-11 14:39:30 +0530
Processing by ContentsController#create as HTML
  Parameters: {"utf8"=>"✓", "authenticity_token"=>"4mQ93fWfp8VM9Id/NcQZacBs5hZAKyZChvlV2pCqgKYgCDZPec5+xYy904nJlZNrmc9Tvj0vHos4bAGj9TwlYQ==", "files"=>[#<ActionDispatch::Http::UploadedFile:0x00007f83586cf790 @tempfile=#<Tempfile:/tmp/RackMultipart20191011-3502-mw261s.jpg>, @original_filename="description.jpg", @content_type="image/jpeg", @headers="Content-Disposition: form-data; name=\"files[]\"; filename=\"description.jpg\"\r\nContent-Type: image/jpeg\r\n">, #<ActionDispatch::Http::UploadedFile:0x00007f83586cf740 @tempfile=#<Tempfile:/tmp/RackMultipart20191011-3502-2y2jjr.jpg>, @original_filename="image.jpg", @content_type="image/jpeg", @headers="Content-Disposition: form-data; name=\"files[]\"; filename=\"image.jpg\"\r\nContent-Type: image/jpeg\r\n">], "out_name"=>"psq", "password"=>"[FILTERED]", "commit"=>"Add!"}
Completed 500 Internal Server Error in 208ms (ActiveRecord: 0.0ms)


  
NoMethodError (undefined method `redirect' for #<ContentsController:0x00007f83586c5510>
Did you mean?  redirect_to):
  
app/controllers/contents_controller.rb:24:in `create'
Started POST "/contents" for ::1 at 2019-10-11 14:39:40 +0530
Processing by ContentsController#create as HTML
  Parameters: {"utf8"=>"✓", "authenticity_token"=>"4mQ93fWfp8VM9Id/NcQZacBs5hZAKyZChvlV2pCqgKYgCDZPec5+xYy904nJlZNrmc9Tvj0vHos4bAGj9TwlYQ==", "files"=>[#<ActionDispatch::Http::UploadedFile:0x00007f8358914848 @tempfile=#<Tempfile:/tmp/RackMultipart20191011-3502-e61g93.jpg>, @original_filename="description.jpg", @content_type="image/jpeg", @headers="Content-Disposition: form-data; name=\"files[]\"; filename=\"description.jpg\"\r\nContent-Type: image/jpeg\r\n">, #<ActionDispatch::Http::UploadedFile:0x00007f83589147f8 @tempfile=#<Tempfile:/tmp/RackMultipart20191011-3502-1cs1dk9.jpg>, @original_filename="image.jpg", @content_type="image/jpeg", @headers="Content-Disposition: form-data; name=\"files[]\"; filename=\"image.jpg\"\r\nContent-Type: image/jpeg\r\n">], "out_name"=>"psq", "password"=>"[FILTERED]", "commit"=>"Add!"}
Redirected to 
Completed 500 Internal Server Error in 195ms (ActiveRecord: 0.0ms)


  
NoMethodError (undefined method `index_url' for #<ContentsController:0x00007f8358915cc0>
Did you mean?  index):
  
app/controllers/contents_controller.rb:24:in `create'
Started POST "/contents" for ::1 at 2019-10-11 14:40:57 +0530
Processing by ContentsController#create as HTML
  Parameters: {"utf8"=>"✓", "authenticity_token"=>"4mQ93fWfp8VM9Id/NcQZacBs5hZAKyZChvlV2pCqgKYgCDZPec5+xYy904nJlZNrmc9Tvj0vHos4bAGj9TwlYQ==", "files"=>[#<ActionDispatch::Http::UploadedFile:0x00007f8354d9b168 @tempfile=#<Tempfile:/tmp/RackMultipart20191011-3502-8oufhq.jpg>, @original_filename="description.jpg", @content_type="image/jpeg", @headers="Content-Disposition: form-data; name=\"files[]\"; filename=\"description.jpg\"\r\nContent-Type: image/jpeg\r\n">, #<ActionDispatch::Http::UploadedFile:0x00007f8354d9b0a0 @tempfile=#<Tempfile:/tmp/RackMultipart20191011-3502-19cyjzk.jpg>, @original_filename="image.jpg", @content_type="image/jpeg", @headers="Content-Disposition: form-data; name=\"files[]\"; filename=\"image.jpg\"\r\nContent-Type: image/jpeg\r\n">], "out_name"=>"psq", "password"=>"[FILTERED]", "commit"=>"Add!"}
Redirected to http://localhost:3000/
Completed 302 Found in 121ms (ActiveRecord: 0.0ms)


Started GET "/" for ::1 at 2019-10-11 14:40:57 +0530
Processing by ContentsController#new as HTML
  Rendering contents/new.html.erb within layouts/application
  Rendered contents/new.html.erb within layouts/application (0.6ms)
Completed 200 OK in 7ms (Views: 6.9ms | ActiveRecord: 0.0ms)


Started GET "/" for ::1 at 2019-10-11 14:41:20 +0530
Processing by ContentsController#new as HTML
  Rendering contents/new.html.erb within layouts/application
  Rendered contents/new.html.erb within layouts/application (0.9ms)
Completed 200 OK in 8ms (Views: 7.7ms | ActiveRecord: 0.0ms)


Started GET "/" for ::1 at 2019-10-11 14:41:33 +0530
Processing by ContentsController#index as HTML
  Rendering contents/index.html.erb within layouts/application
  [1m[36mContent Load (0.3ms)[0m  [1m[34mSELECT "contents".* FROM "contents"[0m
  ↳ app/views/contents/index.html.erb:1
  Rendered contents/index.html.erb within layouts/application (1.8ms)
Completed 200 OK in 9ms (Views: 7.0ms | ActiveRecord: 0.9ms)


Started GET "/contents/new" for ::1 at 2019-10-11 14:41:41 +0530
Processing by ContentsController#new as HTML
  Rendering contents/new.html.erb within layouts/application
  Rendered contents/new.html.erb within layouts/application (0.8ms)
Completed 200 OK in 10ms (Views: 8.1ms | ActiveRecord: 0.0ms)


Started POST "/contents" for ::1 at 2019-10-11 14:41:52 +0530
Processing by ContentsController#create as HTML
  Parameters: {"utf8"=>"✓", "authenticity_token"=>"dB04sVxdiv60NMqYu9fwRmfHPecnsoJ0I0uDMhuKACS2cTMj0AxT/nR9nm5HhnpEPmSIT1q2ur2d3tdLfhyl4w==", "files"=>[#<ActionDispatch::Http::UploadedFile:0x00005636fc4ac048 @tempfile=#<Tempfile:/tmp/RackMultipart20191011-3502-13jas7s.jpg>, @original_filename="description.jpg", @content_type="image/jpeg", @headers="Content-Disposition: form-data; name=\"files[]\"; filename=\"description.jpg\"\r\nContent-Type: image/jpeg\r\n">], "out_name"=>"342", "password"=>"[FILTERED]", "commit"=>"Add!"}
Redirected to http://localhost:3000/
Completed 302 Found in 4ms (ActiveRecord: 0.0ms)


Started GET "/" for ::1 at 2019-10-11 14:41:52 +0530
Processing by ContentsController#index as HTML
  Rendering contents/index.html.erb within layouts/application
  [1m[36mContent Load (0.3ms)[0m  [1m[34mSELECT "contents".* FROM "contents"[0m
  ↳ app/views/contents/index.html.erb:1
  Rendered contents/index.html.erb within layouts/application (1.1ms)
Completed 200 OK in 8ms (Views: 7.1ms | ActiveRecord: 0.3ms)


Started GET "/" for ::1 at 2019-10-11 16:02:18 +0530
Processing by ContentsController#index as HTML
  Rendering contents/index.html.erb within layouts/application
  [1m[36mContent Load (0.5ms)[0m  [1m[34mSELECT "contents".* FROM "contents"[0m
  ↳ app/views/contents/index.html.erb:1
  Rendered contents/index.html.erb within layouts/application (3.3ms)
Completed 200 OK in 11ms (Views: 7.5ms | ActiveRecord: 2.0ms)


Started GET "/contents/new" for ::1 at 2019-10-11 16:03:31 +0530
Processing by ContentsController#new as HTML
  Rendering contents/new.html.erb within layouts/application
  Rendered contents/new.html.erb within layouts/application (0.6ms)
Completed 200 OK in 8ms (Views: 7.1ms | ActiveRecord: 0.0ms)


Started GET "/" for ::1 at 2019-12-06 17:38:57 +0530
  
PG::ConnectionBad (FATAL:  password authentication failed for user "postgres"
FATAL:  password authentication failed for user "postgres"
):
  
pg (1.1.4) lib/pg.rb:56:in `initialize'
pg (1.1.4) lib/pg.rb:56:in `new'
pg (1.1.4) lib/pg.rb:56:in `connect'
activerecord (5.2.3) lib/active_record/connection_adapters/postgresql_adapter.rb:692:in `connect'
activerecord (5.2.3) lib/active_record/connection_adapters/postgresql_adapter.rb:223:in `initialize'
activerecord (5.2.3) lib/active_record/connection_adapters/postgresql_adapter.rb:48:in `new'
activerecord (5.2.3) lib/active_record/connection_adapters/postgresql_adapter.rb:48:in `postgresql_connection'
activerecord (5.2.3) lib/active_record/connection_adapters/abstract/connection_pool.rb:811:in `new_connection'
activerecord (5.2.3) lib/active_record/connection_adapters/abstract/connection_pool.rb:855:in `checkout_new_connection'
activerecord (5.2.3) lib/active_record/connection_adapters/abstract/connection_pool.rb:834:in `try_to_checkout_new_connection'
activerecord (5.2.3) lib/active_record/connection_adapters/abstract/connection_pool.rb:795:in `acquire_connection'
activerecord (5.2.3) lib/active_record/connection_adapters/abstract/connection_pool.rb:523:in `checkout'
activerecord (5.2.3) lib/active_record/connection_adapters/abstract/connection_pool.rb:382:in `connection'
activerecord (5.2.3) lib/active_record/connection_adapters/abstract/connection_pool.rb:1014:in `retrieve_connection'
activerecord (5.2.3) lib/active_record/connection_handling.rb:118:in `retrieve_connection'
activerecord (5.2.3) lib/active_record/connection_handling.rb:90:in `connection'
activerecord (5.2.3) lib/active_record/migration.rb:554:in `call'
actionpack (5.2.3) lib/action_dispatch/middleware/callbacks.rb:28:in `block in call'
activesupport (5.2.3) lib/active_support/callbacks.rb:98:in `run_callbacks'
actionpack (5.2.3) lib/action_dispatch/middleware/callbacks.rb:26:in `call'
actionpack (5.2.3) lib/action_dispatch/middleware/executor.rb:14:in `call'
actionpack (5.2.3) lib/action_dispatch/middleware/debug_exceptions.rb:61:in `call'
web-console (3.7.0) lib/web_console/middleware.rb:135:in `call_app'
web-console (3.7.0) lib/web_console/middleware.rb:30:in `block in call'
web-console (3.7.0) lib/web_console/middleware.rb:20:in `catch'
web-console (3.7.0) lib/web_console/middleware.rb:20:in `call'
actionpack (5.2.3) lib/action_dispatch/middleware/show_exceptions.rb:33:in `call'
railties (5.2.3) lib/rails/rack/logger.rb:38:in `call_app'
railties (5.2.3) lib/rails/rack/logger.rb:26:in `block in call'
activesupport (5.2.3) lib/active_support/tagged_logging.rb:71:in `block in tagged'
activesupport (5.2.3) lib/active_support/tagged_logging.rb:28:in `tagged'
activesupport (5.2.3) lib/active_support/tagged_logging.rb:71:in `tagged'
railties (5.2.3) lib/rails/rack/logger.rb:26:in `call'
sprockets-rails (3.2.1) lib/sprockets/rails/quiet_assets.rb:13:in `call'
actionpack (5.2.3) lib/action_dispatch/middleware/remote_ip.rb:81:in `call'
actionpack (5.2.3) lib/action_dispatch/middleware/request_id.rb:27:in `call'
rack (2.0.7) lib/rack/method_override.rb:22:in `call'
rack (2.0.7) lib/rack/runtime.rb:22:in `call'
activesupport (5.2.3) lib/active_support/cache/strategy/local_cache_middleware.rb:29:in `call'
actionpack (5.2.3) lib/action_dispatch/middleware/executor.rb:14:in `call'
actionpack (5.2.3) lib/action_dispatch/middleware/static.rb:127:in `call'
rack (2.0.7) lib/rack/sendfile.rb:111:in `call'
railties (5.2.3) lib/rails/engine.rb:524:in `call'
puma (3.12.1) lib/puma/configuration.rb:227:in `call'
puma (3.12.1) lib/puma/server.rb:660:in `handle_request'
puma (3.12.1) lib/puma/server.rb:474:in `process_client'
puma (3.12.1) lib/puma/server.rb:334:in `block in run'
puma (3.12.1) lib/puma/thread_pool.rb:135:in `block in spawn_thread'
  [1m[35m (0.3ms)[0m  [1m[35mCREATE DATABASE "zipper_test" ENCODING = 'unicode' TEMPLATE = "template0"[0m
  ↳ bin/rails:4
  [1m[35m (0.3ms)[0m  [1m[35mCREATE DATABASE "zipper_test" ENCODING = 'unicode' TEMPLATE = "template0"[0m
  ↳ bin/rails:4
  [1m[35m (0.2ms)[0m  [1m[34mSELECT pg_try_advisory_lock(7513624833378494670)[0m
  ↳ bin/rails:4
  [1m[35m (0.6ms)[0m  [1m[34mSELECT "schema_migrations"."version" FROM "schema_migrations" ORDER BY "schema_migrations"."version" ASC[0m
  ↳ bin/rails:4
  [1m[36mActiveRecord::InternalMetadata Load (0.9ms)[0m  [1m[34mSELECT  "ar_internal_metadata".* FROM "ar_internal_metadata" WHERE "ar_internal_metadata"."key" = 'environment' LIMIT 1[0m
  ↳ bin/rails:4
  [1m[35m (0.1ms)[0m  [1m[35mBEGIN[0m
  ↳ bin/rails:4
  [1m[35m (0.1ms)[0m  [1m[35mCOMMIT[0m
  ↳ bin/rails:4
  [1m[35m (0.2ms)[0m  [1m[34mSELECT pg_advisory_unlock(7513624833378494670)[0m
  ↳ bin/rails:4
  [1m[35m (0.2ms)[0m  [1m[34mSELECT "schema_migrations"."version" FROM "schema_migrations" ORDER BY "schema_migrations"."version" ASC[0m
  ↳ bin/rails:4
Started GET "/" for ::1 at 2019-12-06 17:39:37 +0530
  [1m[35m (0.3ms)[0m  [1m[34mSELECT "schema_migrations"."version" FROM "schema_migrations" ORDER BY "schema_migrations"."version" ASC[0m
  ↳ /home/er/.rvm/gems/ruby-2.6.3/gems/activerecord-5.2.3/lib/active_record/log_subscriber.rb:98
Processing by ContentsController#index as HTML
  Rendering contents/index.html.erb within layouts/application
  [1m[36mContent Load (0.5ms)[0m  [1m[34mSELECT "contents".* FROM "contents"[0m
  ↳ app/views/contents/index.html.erb:1
  Rendered contents/index.html.erb within layouts/application (2.5ms)
Completed 200 OK in 98ms (Views: 92.1ms | ActiveRecord: 1.3ms)


Started GET "/contents/new" for ::1 at 2019-12-06 17:39:40 +0530
Processing by ContentsController#new as HTML
  Rendering contents/new.html.erb within layouts/application
  Rendered contents/new.html.erb within layouts/application (2.5ms)
Completed 200 OK in 32ms (Views: 29.6ms | ActiveRecord: 0.0ms)


Started POST "/contents" for ::1 at 2019-12-06 17:40:12 +0530
Processing by ContentsController#create as HTML
  Parameters: {"utf8"=>"✓", "authenticity_token"=>"PbS4Emk4TdbmWqRAyljZ5LcJHRI/m4yj+t+O7p0j+9Pt1wGTc1KCbECZ0T9mnLJvbtDpAw6ecFT+MQqvSI8b+A==", "files"=>[#<ActionDispatch::Http::UploadedFile:0x000055f9d9eeda30 @tempfile=#<Tempfile:/tmp/RackMultipart20191206-29177-g1wfti.png>, @original_filename="Screenshot from 2019-10-11 15-33-23.png", @content_type="image/png", @headers="Content-Disposition: form-data; name=\"files[]\"; filename=\"Screenshot from 2019-10-11 15-33-23.png\"\r\nContent-Type: image/png\r\n">, #<ActionDispatch::Http::UploadedFile:0x000055f9d9ef5960 @tempfile=#<Tempfile:/tmp/RackMultipart20191206-29177-3mqo6.png>, @original_filename="Screenshot from 2019-10-14 14-45-43.png", @content_type="image/png", @headers="Content-Disposition: form-data; name=\"files[]\"; filename=\"Screenshot from 2019-10-14 14-45-43.png\"\r\nContent-Type: image/png\r\n">, #<ActionDispatch::Http::UploadedFile:0x000055f9d9ef5398 @tempfile=#<Tempfile:/tmp/RackMultipart20191206-29177-1ky1k76.png>, @original_filename="Screenshot from 2019-10-14 14-55-37.png", @content_type="image/png", @headers="Content-Disposition: form-data; name=\"files[]\"; filename=\"Screenshot from 2019-10-14 14-55-37.png\"\r\nContent-Type: image/png\r\n">, #<ActionDispatch::Http::UploadedFile:0x000055f9d9ef4ce0 @tempfile=#<Tempfile:/tmp/RackMultipart20191206-29177-1d8fm6q.png>, @original_filename="Screenshot from 2019-10-15 19-09-06.png", @content_type="image/png", @headers="Content-Disposition: form-data; name=\"files[]\"; filename=\"Screenshot from 2019-10-15 19-09-06.png\"\r\nContent-Type: image/png\r\n">, #<ActionDispatch::Http::UploadedFile:0x000055f9d9ef4718 @tempfile=#<Tempfile:/tmp/RackMultipart20191206-29177-1kuoh4b.png>, @original_filename="Screenshot from 2019-10-18 18-58-50.png", @content_type="image/png", @headers="Content-Disposition: form-data; name=\"files[]\"; filename=\"Screenshot from 2019-10-18 18-58-50.png\"\r\nContent-Type: image/png\r\n">, #<ActionDispatch::Http::UploadedFile:0x000055f9d9f0fe00 @tempfile=#<Tempfile:/tmp/RackMultipart20191206-29177-b7n0nx.png>, @original_filename="Screenshot from 2019-10-31 11-36-27.png", @content_type="image/png", @headers="Content-Disposition: form-data; name=\"files[]\"; filename=\"Screenshot from 2019-10-31 11-36-27.png\"\r\nContent-Type: image/png\r\n">, #<ActionDispatch::Http::UploadedFile:0x000055f9d9f0fa18 @tempfile=#<Tempfile:/tmp/RackMultipart20191206-29177-153nkvq.png>, @original_filename="Screenshot from 2019-11-06 11-07-31.png", @content_type="image/png", @headers="Content-Disposition: form-data; name=\"files[]\"; filename=\"Screenshot from 2019-11-06 11-07-31.png\"\r\nContent-Type: image/png\r\n">], "out_name"=>"myfiles", "password"=>"[FILTERED]", "commit"=>"Add!"}
Redirected to http://localhost:3000/
Completed 302 Found in 331ms (ActiveRecord: 0.0ms)


Started GET "/" for ::1 at 2019-12-06 17:40:12 +0530
Processing by ContentsController#index as HTML
  Rendering contents/index.html.erb within layouts/application
  [1m[36mContent Load (0.3ms)[0m  [1m[34mSELECT "contents".* FROM "contents"[0m
  ↳ app/views/contents/index.html.erb:1
  Rendered contents/index.html.erb within layouts/application (1.0ms)
Completed 200 OK in 8ms (Views: 6.7ms | ActiveRecord: 0.3ms)


